PCAD Importer Log
Project : 1140084168.LibPkg

Section : C:\Users\Pablo Fernandez\Documents\UBC Rocket\WB\Apogee Detection\PCB\Libraries\114-00841-68\1140084168.lia
    Section : PCB Library - 1140084168.PcbLib
        Section : Load Messages
            Warning - 1 : Skipping Token 1140084168 On Line 284
            Warning - 1 : Skipping Token attachedSymbol On Line 390
        EndSection

        Section : Import Messages
        EndSection
    EndSection

    Section : SCH Library - 1140084168.SchLib
        Section : Parsing Messages
            Warning - 1 : Skipping Token padStyleDef On Line 9
            Warning - 1 : Skipping Token padStyleDef On Line 21
            Warning - 1 : Skipping Token padStyleDef On Line 33
            Warning - 1 : Skipping Token padStyleDef On Line 45
            Warning - 1 : Skipping Token padStyleDef On Line 57
            Warning - 1 : Skipping Token padStyleDef On Line 69
            Warning - 1 : Skipping Token padStyleDef On Line 81
            Warning - 1 : Skipping Token padStyleDef On Line 93
            Warning - 1 : Skipping Token padStyleDef On Line 105
            Warning - 1 : Skipping Token padStyleDef On Line 117
            Warning - 1 : Skipping Token padStyleDef On Line 129
            Warning - 1 : Skipping Token padStyleDef On Line 141
            Warning - 1 : Skipping Token padStyleDef On Line 153
            Warning - 1 : Skipping Token padStyleDef On Line 165
            Warning - 1 : Skipping Token multiLayer On Line 240
            Warning - 1 : Skipping Token layerContents On Line 256
            Warning - 1 : Skipping Token layerContents On Line 269
        EndSection

        Section : Generating SCH Library - 1140084168.SchLib
        EndSection
    EndSection
EndSection
