PCAD Importer Log
Project : PMEG4010CPA.LibPkg

Section : C:\Users\Pablo Fernandez\Desktop\recover PCB\Libraries\PMEG4010CPA\PMEG4010CPA.lia
    Section : PCB Library - PMEG4010CPA.PcbLib
        Section : Load Messages
            Warning - 1 : Skipping Token DIODE_SDD_AKKA On Line 187
            Warning - 1 : Skipping Token attachedSymbol On Line 261
        EndSection

        Section : Import Messages
        EndSection
    EndSection

    Section : SCH Library - PMEG4010CPA.SchLib
        Section : Parsing Messages
            Warning - 1 : Skipping Token padStyleDef On Line 9
            Warning - 1 : Skipping Token padStyleDef On Line 21
            Warning - 1 : Skipping Token multiLayer On Line 96
            Warning - 1 : Skipping Token layerContents On Line 101
            Warning - 1 : Skipping Token layerContents On Line 107
            Warning - 1 : Skipping Token layerContents On Line 122
            Warning - 1 : Skipping Token layerContents On Line 137
            Warning - 1 : Skipping Token layerContents On Line 161
            Warning - 1 : Skipping Token layerContents On Line 173
        EndSection

        Section : Generating SCH Library - PMEG4010CPA.SchLib
        EndSection
    EndSection
EndSection
