PCAD Importer Log
Project : BNO080.LibPkg

Section : C:\Users\Pablo Fernandez\Documents\UBC Rocket\WB\Apogee Detection\PCB\Libraries\BNO080\BNO080.lia
    Section : PCB Library - BNO080.PcbLib
        Section : Load Messages
            Warning - 1 : Skipping Token BNO080 On Line 159
            Warning - 1 : Skipping Token attachedSymbol On Line 376
        EndSection

        Section : Import Messages
        EndSection
    EndSection

    Section : SCH Library - BNO080.SchLib
        Section : Parsing Messages
            Warning - 1 : Skipping Token padStyleDef On Line 9
            Warning - 1 : Skipping Token padStyleDef On Line 21
            Warning - 1 : Skipping Token multiLayer On Line 96
            Warning - 1 : Skipping Token layerContents On Line 126
            Warning - 1 : Skipping Token layerContents On Line 135
            Warning - 1 : Skipping Token layerContents On Line 144
            Warning - 1 : Skipping Token layerContents On Line 151
        EndSection

        Section : Generating SCH Library - BNO080.SchLib
        EndSection
    EndSection
EndSection
