Removed Pin From Net: NetName=PTA14 Pin=U1-66
Removed Pin From Net: NetName=PTA15 Pin=U1-67
Removed Pin From Net: NetName=NetC9_1 Pin=U2-1
Removed Pin From Net: NetName=3.3V Pin=U2-5
Removed Pin From Net: NetName=GND Pin=U2-7
Added Component: Designator=U11(ADI-KS-6_N)
Add component (AddParameter): Name = "Bus Enable Time (typ)"; Value = "1us"; VariantName = "[No Variations]"
Add component (AddParameter): Name = "Code_JEDEC"; Value = "MO-203-AB"; VariantName = "[No Variations]"
Add component (AddParameter): Name = "ComponentLink1Description"; Value = "Manufacturer URL"; VariantName = "[No Variations]"
Add component (AddParameter): Name = "ComponentLink1URL"; Value = "http://www.analog.com/en/index.html"; VariantName = "[No Variations]"
Add component (AddParameter): Name = "ComponentLink2Description"; Value = "Datasheet"; VariantName = "[No Variations]"
Add component (AddParameter): Name = "ComponentLink2URL"; Value = "http://www.analog.com/static/imported-files/data_sheets/ADG3301.pdf"; VariantName = "[No Variations]"
Add component (AddParameter): Name = "ComponentLink3Description"; Value = "Package Specification"; VariantName = "[No Variations]"
Add component (AddParameter): Name = "ComponentLink3URL"; Value = "http://www.analog.com/static/imported-files/packages/PKG_PDF/SC70(KS)/KS_6.pdf"; VariantName = "[No Variations]"
Add component (AddParameter): Name = "DatasheetVersion"; Value = "Rev. 0"; VariantName = "[No Variations]"
Add component (AddParameter): Name = "Manufacturer"; Value = "Analog Devices"; VariantName = "[No Variations]"
Add component (AddParameter): Name = "Mounting Technology"; Value = "Surface Mount"; VariantName = "[No Variations]"
Add component (AddParameter): Name = "PackageDescription"; Value = "6-Pin Thin Shrink Small Outline Transistor Package, Body 2 x 1.25 mm, Pitch 0.65 mm"; VariantName = "[No Variations]"
Add component (AddParameter): Name = "PackageReference"; Value = "KS-6"; VariantName = "[No Variations]"
Add component (AddParameter): Name = "PackageVersion"; Value = "072809-A, 07/2009"; VariantName = "[No Variations]"
Add component (AddParameter): Name = "PartNumber"; Value = "ADG3301BKSZ-REEL7"; VariantName = "[No Variations]"
Added Component: Designator=U12(ADI-KS-6_N)
Add component (AddParameter): Name = "Bus Enable Time (typ)"; Value = "1us"; VariantName = "[No Variations]"
Add component (AddParameter): Name = "Code_JEDEC"; Value = "MO-203-AB"; VariantName = "[No Variations]"
Add component (AddParameter): Name = "ComponentLink1Description"; Value = "Manufacturer URL"; VariantName = "[No Variations]"
Add component (AddParameter): Name = "ComponentLink1URL"; Value = "http://www.analog.com/en/index.html"; VariantName = "[No Variations]"
Add component (AddParameter): Name = "ComponentLink2Description"; Value = "Datasheet"; VariantName = "[No Variations]"
Add component (AddParameter): Name = "ComponentLink2URL"; Value = "http://www.analog.com/static/imported-files/data_sheets/ADG3301.pdf"; VariantName = "[No Variations]"
Add component (AddParameter): Name = "ComponentLink3Description"; Value = "Package Specification"; VariantName = "[No Variations]"
Add component (AddParameter): Name = "ComponentLink3URL"; Value = "http://www.analog.com/static/imported-files/packages/PKG_PDF/SC70(KS)/KS_6.pdf"; VariantName = "[No Variations]"
Add component (AddParameter): Name = "DatasheetVersion"; Value = "Rev. 0"; VariantName = "[No Variations]"
Add component (AddParameter): Name = "Manufacturer"; Value = "Analog Devices"; VariantName = "[No Variations]"
Add component (AddParameter): Name = "Mounting Technology"; Value = "Surface Mount"; VariantName = "[No Variations]"
Add component (AddParameter): Name = "PackageDescription"; Value = "6-Pin Thin Shrink Small Outline Transistor Package, Body 2 x 1.25 mm, Pitch 0.65 mm"; VariantName = "[No Variations]"
Add component (AddParameter): Name = "PackageReference"; Value = "KS-6"; VariantName = "[No Variations]"
Add component (AddParameter): Name = "PackageVersion"; Value = "072809-A, 07/2009"; VariantName = "[No Variations]"
Add component (AddParameter): Name = "PartNumber"; Value = "ADG3301BKSZ-REEL7"; VariantName = "[No Variations]"
Added Pin To Net: NetName=3.3V Pin=U2-1
Added Pin To Net: NetName=NetC9_1 Pin=U2-1
Added Pin To Net: NetName=GND Pin=U2-2
Added Pin To Net: NetName=3.3V Pin=U2-4
Added Pin To Net: NetName=3.3V Pin=U2-5
Added Pin To Net: NetName=NetC9_1 Pin=U2-6
Added Pin To Net: NetName=BSWDIO Pin=U2-7
Added Pin To Net: NetName=GND Pin=U2-7
Added Pin To Net: NetName=3.3V Pin=U11-1
Added Pin To Net: NetName=GND Pin=U11-3
Added Pin To Net: NetName=3.3V Pin=U11-4
Added Pin To Net: NetName=+5 Pin=U11-6
Added Pin To Net: NetName=3.3V Pin=U12-1
Added Pin To Net: NetName=GND Pin=U12-3
Added Pin To Net: NetName=3.3V Pin=U12-4
Added Pin To Net: NetName=+5 Pin=U12-6
Added Pin To Net: NetName=ExtTrig Pin=J9-11
Added Pin To Net: NetName=ExtTrig Pin=U12-5
Added Net: Name=ExtTrig
Added Pin To Net: NetName=IMU_ExtTrig Pin=U1-67
Added Pin To Net: NetName=IMU_ExtTrig Pin=U12-2
Added Net: Name=IMU_ExtTrig
Added Pin To Net: NetName=IMU_TOV Pin=U1-66
Added Pin To Net: NetName=IMU_TOV Pin=U11-2
Added Net: Name=IMU_TOV
Added Pin To Net: NetName=TOV Pin=J9-4
Added Pin To Net: NetName=TOV Pin=U11-5
Added Net: Name=TOV
Added Member To Class: ClassName=MCU Member=Component U2 Part Number: MKL02Z32VFG4
Added Member To Class: ClassName=STIM300IMU Member=Component U11 ADG3301BKSZ-REEL7
Added Member To Class: ClassName=STIM300IMU Member=Component U12 ADG3301BKSZ-REEL7
