Added Member To Class: ClassName=MCU_Power Member=Component BT1 Battery
Added Member To Class: ClassName=MCU_Power Member=Component BT2 Battery
Added Member To Class: ClassName=MCU_Power Member=Component C1 Cap
Added Member To Class: ClassName=MCU Member=Component C2 Cap Semi
Added Member To Class: ClassName=MCU_Power Member=Component C3 Cap
Added Member To Class: ClassName=MCU Member=Component C4 Cap Semi
Added Member To Class: ClassName=MCU_Power Member=Component C5 Cap
Added Member To Class: ClassName=MCU_Power Member=Component C6 Cap
Added Member To Class: ClassName=MCU Member=Component C7 Cap Semi
Added Member To Class: ClassName=MCU_Power Member=Component C8 Cap
Added Member To Class: ClassName=MCU_Power Member=Component C9 Cap
Added Member To Class: ClassName=MCU Member=Component C10 Cap Semi
Added Member To Class: ClassName=MCU Member=Component C34 Cap Semi
Added Member To Class: ClassName=MCU Member=Component C35 Cap Semi
Added Member To Class: ClassName=MCU Member=Component C36 Cap Semi
Added Member To Class: ClassName=MCU_Power Member=Component C37 CL10B223KB8NNWC
Added Member To Class: ClassName=MCU Member=Component C38 Cap Semi
Added Member To Class: ClassName=MCU Member=Component FB1 Inductor
Added Member To Class: ClassName=MCU Member=Component FB2 Inductor
Added Member To Class: ClassName=MCU Member=Component J3 10118193-0001LF
Added Member To Class: ClassName=MCU_Power Member=Component L3 744774047
Added Member To Class: ClassName=MCU Member=Component R1 Res3
Added Member To Class: ClassName=MCU Member=Component R2 Res3
Added Member To Class: ClassName=MCU Member=Component R3 Res3
Added Member To Class: ClassName=MCU_Power Member=Component R10 AT0603DRD0710KL
Added Member To Class: ClassName=MCU_Power Member=Component U13 TLV75533PDBVR
Added Member To Class: ClassName=MCU_Power Member=Component U14 TLV75533PDBVR
