Removed Pin From Net: NetName=NetC9_1 Pin=U2-1
Removed Pin From Net: NetName=3.3V Pin=U2-4
Removed Pin From Net: NetName=3.3V Pin=U2-5
Removed Pin From Net: NetName=NetC9_1 Pin=U2-6
Removed Pin From Net: NetName=GND Pin=U2-7
Change Component Comment : Designator=U1 Old Comment=Component_1 New Comment=MK66FX1M0VLQ18
Added Component: Designator=U5(QFP50P900X900X160-48N)
Add component (AddParameter): Name = "Case/Package"; Value = "LQFP"; VariantName = "[No Variations]"
Add component (AddParameter): Name = "Category"; Value = "Integrated Circuits (ICs)"; VariantName = "[No Variations]"
Add component (AddParameter): Name = "ComponentLink1Description"; Value = "https://datasheet.ciiva.com/29644/w5500-ds-v100e-29644866.pdf?src-supplier=Digi-Key"; VariantName = "[No Variations]"
Add component (AddParameter): Name = "ComponentLink1URL"; Value = "https://datasheet.ciiva.com/29644/w5500-ds-v100e-29644866.pdf?src-supplier=Digi-Key"; VariantName = "[No Variations]"
Add component (AddParameter): Name = "ComponentLink2Description"; Value = "https://datasheet.ciiva.com/24199/w5500-24199988.pdf?src-supplier=Future+Electronics"; VariantName = "[No Variations]"
Add component (AddParameter): Name = "ComponentLink2URL"; Value = "https://datasheet.ciiva.com/24199/w5500-24199988.pdf?src-supplier=Future+Electronics"; VariantName = "[No Variations]"
Add component (AddParameter): Name = "Interface"; Value = "SPI"; VariantName = "[No Variations]"
Add component (AddParameter): Name = "Lead Free"; Value = "Lead Free"; VariantName = "[No Variations]"
Add component (AddParameter): Name = "Manufacturer"; Value = "WIZnet"; VariantName = "[No Variations]"
Add component (AddParameter): Name = "Manufacturer Part Number"; Value = "W5500"; VariantName = "[No Variations]"
Add component (AddParameter): Name = "Max Operating Temperature"; Value = "85°C"; VariantName = "[No Variations]"
Add component (AddParameter): Name = "Max Supply Current"; Value = "132mA"; VariantName = "[No Variations]"
Add component (AddParameter): Name = "Max Supply Voltage"; Value = "3.63V"; VariantName = "[No Variations]"
Add component (AddParameter): Name = "Min Operating Temperature"; Value = "-40°C"; VariantName = "[No Variations]"
Add component (AddParameter): Name = "Min Supply Voltage"; Value = "2.97V"; VariantName = "[No Variations]"
Add component (AddParameter): Name = "Number of Pins"; Value = "48"; VariantName = "[No Variations]"
Add component (AddParameter): Name = "Number of Transceivers"; Value = "1"; VariantName = "[No Variations]"
Add component (AddParameter): Name = "Operating Supply Current"; Value = "132mA"; VariantName = "[No Variations]"
Add component (AddParameter): Name = "Package Quantity"; Value = "250"; VariantName = "[No Variations]"
Add component (AddParameter): Name = "Packaging"; Value = "Tray"; VariantName = "[No Variations]"
Add component (AddParameter): Name = "Pricing 1"; Value = "1=3.95000, 10=3.54600, 25=3.35240, 100=2.75650, 250=2.47340, 500=2.38400, 1000=1.98170, 2500=1.90720, 5000=1.84760 (USD)"; VariantName = "[No Variations]"
Add component (AddParameter): Name = "RoHS"; Value = "Yes"; VariantName = "[No Variations]"
Add component (AddParameter): Name = "Stock 1"; Value = "895"; VariantName = "[No Variations]"
Add component (AddParameter): Name = "Supplier 1"; Value = "Digi-Key"; VariantName = "[No Variations]"
Add component (AddParameter): Name = "Supplier Part Number 1"; Value = "1278-1021-ND"; VariantName = "[No Variations]"
Added Pin To Net: NetName=3.3V Pin=U2-1
Added Pin To Net: NetName=NetC9_1 Pin=U2-1
Added Pin To Net: NetName=GND Pin=U2-2
Added Pin To Net: NetName=3.3V Pin=U2-4
Added Pin To Net: NetName=BReset_b Pin=U2-4
Added Pin To Net: NetName=3.3V Pin=U2-5
Added Pin To Net: NetName=NetC9_1 Pin=U2-6
Added Pin To Net: NetName=NetP6_1 Pin=U2-6
Added Pin To Net: NetName=BSWDIO Pin=U2-7
Added Pin To Net: NetName=GND Pin=U2-7
Added Pin To Net: NetName=NetR15_2 Pin=U5-1
Added Pin To Net: NetName=NetR16_2 Pin=U5-2
Added Pin To Net: NetName=AGND Pin=U5-3
Added Pin To Net: NetName=3.3V_A Pin=U5-4
Added Pin To Net: NetName=NetR17_2 Pin=U5-5
Added Pin To Net: NetName=NetR18_2 Pin=U5-6
Added Pin To Net: NetName=3.3V_A Pin=U5-8
Added Pin To Net: NetName=AGND Pin=U5-9
Added Pin To Net: NetName=NetR23_2 Pin=U5-10
Added Pin To Net: NetName=3.3V_A Pin=U5-11
Added Pin To Net: NetName=AGND Pin=U5-14
Added Pin To Net: NetName=3.3V_A Pin=U5-15
Added Pin To Net: NetName=AGND Pin=U5-16
Added Pin To Net: NetName=3.3V_A Pin=U5-17
Added Pin To Net: NetName=AGND Pin=U5-19
Added Pin To Net: NetName=NetC24_2 Pin=U5-20
Added Pin To Net: NetName=3.3V_A Pin=U5-21
Added Pin To Net: NetName=NetC25_2 Pin=U5-22
Added Pin To Net: NetName=GND Pin=U5-23
Added Pin To Net: NetName=3.3V_D Pin=U5-28
Added Pin To Net: NetName=GND Pin=U5-29
Added Pin To Net: NetName=XI Pin=U5-30
Added Pin To Net: NetName=XO Pin=U5-31
Added Pin To Net: NetName=CS0a Pin=U5-32
Added Pin To Net: NetName=SCK0 Pin=U5-33
Added Pin To Net: NetName=MISO Pin=U5-34
Added Pin To Net: NetName=MOSI Pin=U5-35
Added Pin To Net: NetName=GND Pin=U5-38
Added Pin To Net: NetName=GND Pin=U5-39
Added Pin To Net: NetName=GND Pin=U5-40
Added Pin To Net: NetName=GND Pin=U5-41
Added Pin To Net: NetName=GND Pin=U5-42
Added Pin To Net: NetName=3.3V_D Pin=U5-43
Added Pin To Net: NetName=3.3V_D Pin=U5-44
Added Pin To Net: NetName=3.3V_D Pin=U5-45
Added Pin To Net: NetName=AGND Pin=U5-48
Added Member To Class: ClassName=MCU Member=Component U2 Part Number: MKL02Z32VFG4
Added Member To Class: ClassName=Eth_to_SPI Member=Component U5 W5500
