Removed Pin From Net: NetName=PTA2 Pin=P2-5
Removed Pin From Net: NetName=PTA0 Pin=P2-7
Removed Pin From Net: NetName=PTA3 Pin=S1-2
Removed Pin From Net: NetName=BSWDIO Pin=S1-3
Removed Pin From Net: NetName=NetC9_1 Pin=U2-1
Removed Pin From Net: NetName=Reset_b Pin=U2-4
Removed Pin From Net: NetName=3.3V Pin=U2-5
Removed Pin From Net: NetName=PTA1 Pin=U2-6
Removed Pin From Net: NetName=GND Pin=U2-7
Removed Pin From Net: NetName=PTA0 Pin=U2-8
Removed Pin From Net: NetName=PTA2 Pin=U2-9
Removed Pin From Net: NetName=Reset_b Pin=U2-13
Removed Member From Class: ClassName=MK66F Member=S1
Change Component Designator: OldDesignator=P2 NewDesignator=P1
Added Component: Designator=P2(HDR1X3)
Add component (AddParameter): Name = "LatestRevisionDate"; Value = "17-Jul-2002"; VariantName = "[No Variations]"
Add component (AddParameter): Name = "LatestRevisionNote"; Value = "Re-released for DXP Platform."; VariantName = "[No Variations]"
Add component (AddParameter): Name = "Publisher"; Value = "Altium Limited"; VariantName = "[No Variations]"
Added Component: Designator=P3(HDR1X3)
Add component (AddParameter): Name = "LatestRevisionDate"; Value = "17-Jul-2002"; VariantName = "[No Variations]"
Add component (AddParameter): Name = "LatestRevisionNote"; Value = "Re-released for DXP Platform."; VariantName = "[No Variations]"
Add component (AddParameter): Name = "Publisher"; Value = "Altium Limited"; VariantName = "[No Variations]"
Added Component: Designator=P4(HDR1X3)
Add component (AddParameter): Name = "LatestRevisionDate"; Value = "17-Jul-2002"; VariantName = "[No Variations]"
Add component (AddParameter): Name = "LatestRevisionNote"; Value = "Re-released for DXP Platform."; VariantName = "[No Variations]"
Add component (AddParameter): Name = "Publisher"; Value = "Altium Limited"; VariantName = "[No Variations]"
Added Component: Designator=P5(HDR1X3)
Add component (AddParameter): Name = "LatestRevisionDate"; Value = "17-Jul-2002"; VariantName = "[No Variations]"
Add component (AddParameter): Name = "LatestRevisionNote"; Value = "Re-released for DXP Platform."; VariantName = "[No Variations]"
Add component (AddParameter): Name = "Publisher"; Value = "Altium Limited"; VariantName = "[No Variations]"
Added Component: Designator=P6(HDR1X3)
Add component (AddParameter): Name = "LatestRevisionDate"; Value = "17-Jul-2002"; VariantName = "[No Variations]"
Add component (AddParameter): Name = "LatestRevisionNote"; Value = "Re-released for DXP Platform."; VariantName = "[No Variations]"
Add component (AddParameter): Name = "Publisher"; Value = "Altium Limited"; VariantName = "[No Variations]"
Added Pin To Net: NetName=BSWDIO Pin=P2-1
Added Pin To Net: NetName=PTA3 Pin=P2-2
Added Pin To Net: NetName=PTA0 Pin=P3-2
Added Pin To Net: NetName=PTA2 Pin=P4-2
Added Pin To Net: NetName=Reset_b Pin=P5-2
Added Pin To Net: NetName=Reset_b Pin=P5-3
Added Pin To Net: NetName=PTA1 Pin=P6-2
Added Pin To Net: NetName=3.3V Pin=U2-1
Added Pin To Net: NetName=NetC9_1 Pin=U2-1
Added Pin To Net: NetName=GND Pin=U2-2
Added Pin To Net: NetName=3.3V Pin=U2-4
Added Pin To Net: NetName=3.3V Pin=U2-5
Added Pin To Net: NetName=NetC9_1 Pin=U2-6
Added Pin To Net: NetName=BSWDIO Pin=U2-7
Added Pin To Net: NetName=GND Pin=U2-7
Added Pin To Net: NetName=BReset_b Pin=P5-1
Added Pin To Net: NetName=BReset_b Pin=U2-4
Added Pin To Net: NetName=BReset_b Pin=U2-13
Added Net: Name=BReset_b
Added Pin To Net: NetName=BSWCLK Pin=P3-1
Added Pin To Net: NetName=BSWCLK Pin=U2-8
Added Net: Name=BSWCLK
Added Pin To Net: NetName=BSWO Pin=P4-1
Added Pin To Net: NetName=BSWO Pin=U2-9
Added Net: Name=BSWO
Added Pin To Net: NetName=NetP1_5 Pin=P1-5
Added Pin To Net: NetName=NetP1_5 Pin=P4-3
Added Net: Name=NetP1_5
Added Pin To Net: NetName=NetP1_7 Pin=P1-7
Added Pin To Net: NetName=NetP1_7 Pin=P3-3
Added Net: Name=NetP1_7
Added Pin To Net: NetName=NetP1_9 Pin=P1-9
Added Pin To Net: NetName=NetP1_9 Pin=P2-3
Added Net: Name=NetP1_9
Added Pin To Net: NetName=NetP6_1 Pin=P6-1
Added Pin To Net: NetName=NetP6_1 Pin=U2-6
Added Net: Name=NetP6_1
Added Member To Class: ClassName=MK66F Member=Component P2 Header 3
Added Member To Class: ClassName=MK66F Member=Component P3 Header 3
Added Member To Class: ClassName=MK66F Member=Component P4 Header 3
Added Member To Class: ClassName=MK66F Member=Component P5 Header 3
Added Member To Class: ClassName=MK66F Member=Component P6 Header 3
Added Member To Class: ClassName=MK66F Member=Component U2 Part Number: MKL02Z32VFG4
