Removed Pin From Net: NetName=3.3V_D Pin=J5-2
Removed Pin From Net: NetName=MISO Pin=J5-6
Removed Pin From Net: NetName=NetC9_1 Pin=U2-1
Removed Pin From Net: NetName=3.3V Pin=U2-4
Removed Pin From Net: NetName=3.3V Pin=U2-5
Removed Pin From Net: NetName=NetC9_1 Pin=U2-6
Removed Pin From Net: NetName=GND Pin=U2-7
Change Component Designator: OldDesignator=J5 NewDesignator=J6
Added Pin To Net: NetName=3.3V Pin=U2-1
Added Pin To Net: NetName=NetC9_1 Pin=U2-1
Added Pin To Net: NetName=GND Pin=U2-2
Added Pin To Net: NetName=3.3V Pin=U2-4
Added Pin To Net: NetName=Reset_b Pin=U2-4
Added Pin To Net: NetName=3.3V Pin=U2-5
Added Pin To Net: NetName=NetC9_1 Pin=U2-6
Added Pin To Net: NetName=PTA1 Pin=U2-6
Added Pin To Net: NetName=BSWDIO Pin=U2-7
Added Pin To Net: NetName=GND Pin=U2-7
Change Net Name : Old Net Name=NetJ5_5 New Net Name=NetJ6_5
Change Net Name : Old Net Name=NetJ5_9 New Net Name=NetJ6_9
Added Member To Class: ClassName=Designator Member=Component U2 Part Number: MKL02Z32VFG4
Added Room: Name=Designator
Added Room: Name=Designator
Added Room: Name=Designator
