Removed Pin From Net: NetName=PTB16 Pin=U1-95
Removed Pin From Net: NetName=PTB17 Pin=U1-96
Removed Pin From Net: NetName=NetC9_1 Pin=U2-1
Removed Pin From Net: NetName=3.3V Pin=U2-4
Removed Pin From Net: NetName=3.3V Pin=U2-5
Removed Pin From Net: NetName=NetC9_1 Pin=U2-6
Removed Pin From Net: NetName=GND Pin=U2-7
Added Pin To Net: NetName=3.3V Pin=U2-1
Added Pin To Net: NetName=NetC9_1 Pin=U2-1
Added Pin To Net: NetName=GND Pin=U2-2
Added Pin To Net: NetName=3.3V Pin=U2-4
Added Pin To Net: NetName=BReset_b Pin=U2-4
Added Pin To Net: NetName=3.3V Pin=U2-5
Added Pin To Net: NetName=NetC9_1 Pin=U2-6
Added Pin To Net: NetName=NetP6_1 Pin=U2-6
Added Pin To Net: NetName=BSWDIO Pin=U2-7
Added Pin To Net: NetName=GND Pin=U2-7
Added Pin To Net: NetName=IMU_RX Pin=U1-95
Added Pin To Net: NetName=IMU_RX Pin=U6-2
Added Net: Name=IMU_RX
Added Pin To Net: NetName=IMU_TX Pin=U1-96
Added Pin To Net: NetName=IMU_TX Pin=U9-2
Added Net: Name=IMU_TX
Added Member To Class: ClassName=MCU Member=Component U2 Part Number: MKL02Z32VFG4
