Removed Pin From Net: NetName=GND Pin=C14-1
Removed Pin From Net: NetName=+3.3V_D Pin=C14-2
Removed Pin From Net: NetName=GND Pin=R4-1
Removed Pin From Net: NetName=GND Pin=R5-1
Removed Pin From Net: NetName=GND Pin=R6-1
Removed Pin From Net: NetName=+3.3V_D Pin=R7-1
Removed Pin From Net: NetName=PTB2 Pin=R7-2
Removed Pin From Net: NetName=PTB3 Pin=R8-2
Removed Pin From Net: NetName=PTB3 Pin=U3-1
Removed Pin From Net: NetName=PTB2 Pin=U3-2
Removed Pin From Net: NetName=GND Pin=U3-4
Removed Pin From Net: NetName=+3.3V_D Pin=U3-8
Removed Member From Class: ClassName=Temp_Sensor Member=C?
Removed Member From Class: ClassName=Temp_Sensor Member=R?
Removed Member From Class: ClassName=Temp_Sensor Member=U?
Change Component Designator: OldDesignator=C? NewDesignator=C14
Change Component Designator: OldDesignator=J? NewDesignator=J1
Change Component Designator: OldDesignator=P? NewDesignator=P7
Change Component Designator: OldDesignator=R? NewDesignator=R4
Change Component Designator: OldDesignator=R? NewDesignator=R5
Change Component Designator: OldDesignator=R? NewDesignator=R6
Change Component Designator: OldDesignator=R? NewDesignator=R7
Change Component Designator: OldDesignator=R? NewDesignator=R8
Change Component Designator: OldDesignator=U? NewDesignator=U3
Added Pin To Net: NetName=+3.3V_D Pin=C32-2
Added Pin To Net: NetName=+3.3V_D Pin=C35-2
Added Pin To Net: NetName=+3.3V_D Pin=C36-2
Added Pin To Net: NetName=+3.3V_D Pin=U6-11
Change Net Name : Old Net Name=NetP?_1 New Net Name=NetP7_1
Change Net Name : Old Net Name=NetR?_1 New Net Name=NetR8_1
Added Pin To Net: NetName=NetR6_1 Pin=R6-1
Added Pin To Net: NetName=NetR6_1 Pin=U3-7
Added Net: Name=NetR6_1
Added Pin To Net: NetName=NetR7_1 Pin=R7-1
Added Pin To Net: NetName=NetR7_1 Pin=U3-6
Added Net: Name=NetR7_1
