Removed Pin From Net: NetName=NetC9_1 Pin=U2-1
Removed Pin From Net: NetName=3.3V Pin=U2-5
Removed Pin From Net: NetName=GND Pin=U2-7
Added Pin To Net: NetName=3.3V Pin=U2-1
Added Pin To Net: NetName=NetC9_1 Pin=U2-1
Added Pin To Net: NetName=GND Pin=U2-2
Added Pin To Net: NetName=3.3V Pin=U2-4
Added Pin To Net: NetName=3.3V Pin=U2-5
Added Pin To Net: NetName=NetC9_1 Pin=U2-6
Added Pin To Net: NetName=BSWDIO Pin=U2-7
Added Pin To Net: NetName=GND Pin=U2-7
Added Member To Class: ClassName=CAN_bus Member=Component C? GRM1885C1H101JA01D
Added Member To Class: ClassName=CAN_bus Member=Component C? GRM1885C1H101JA01D
Added Member To Class: ClassName=CAN_bus Member=Component C? GRM1885C1H101JA01D
Added Member To Class: ClassName=CAN_bus Member=Component C? GRM188R71H472KA01D
Added Member To Class: ClassName=Designator Member=Component U2 Part Number: MKL02Z32VFG4
Change Room Name: Old Name=CANbus New Name=CAN_bus
Change Room Name: Old Name=MK66F New Name=Designator
Change Room Name: Old Name=Temp_Sensor New Name=Designator
Added Room: Name=Designator
Added Room: Name=Designator
