Removed Pin From Net: NetName=TxD- Pin=U8-1
Removed Pin From Net: NetName=TxD+ Pin=U8-2
Removed Pin From Net: NetName=NetU8_4 Pin=U8-4
Removed Pin From Net: NetName=NetU7_5 Pin=U8-5
Removed Pin From Net: NetName=GND Pin=U8-6
Removed Pin From Net: NetName=RxD+ Pin=U8-7
Removed Pin From Net: NetName=RxD- Pin=U8-8
Change Component Footprint: Designator=U8 Old Footprint=FP-S8-2-MFG New Footprint=SOIC127P600X175-8N
Change Component Comment : Designator=U8 Old Comment=MAX490ESA+ New Comment=MAX490ECSA+
Change Managed Component Library Link : Designator=U8 Old VaultGUID=B7D15EC3-160A-466F-A46C-7801FE6295A7 New VaultGUID= Old ItemGUID=1D29D067-39A9-430C-A2C2-04DF550F93EB New ItemGUID= Old RevisionGUID=B38B0DD4-7D74-4401-917D-D1EAFECCE9E3 New RevisionGUID=
Change component parameters: Designator = "U8" ("U8"); Footprint = "FP-S8-2-MFG"; UniqueID = "\WQGIMYZI\QGIWAPZO" ("\WQGIMYZI\QGIWAPZO")
Change component parameters (AddParameter): Name = "Datasheet Link"; Value = "http://datasheets.maximintegrated.com/en/ds/MAX1487E-MAX491E.pdf"; VariantName = "[No Variations]"
Change component parameters (AddParameter): Name = "Height"; Value = "1.75mm"; VariantName = "[No Variations]"
Change component parameters (AddParameter): Name = "Manufacturer_Name"; Value = "Maxim Integrated"; VariantName = "[No Variations]"
Change component parameters (AddParameter): Name = "Manufacturer_Part_Number"; Value = "MAX490ECSA+"; VariantName = "[No Variations]"
Change component parameters (AddParameter): Name = "Mouser2 Part Number"; Value = ""; VariantName = "[No Variations]"
Change component parameters (AddParameter): Name = "Mouser2 Price/Stock"; Value = ""; VariantName = "[No Variations]"
Added Pin To Net: NetName=+5 Pin=U8-1
Added Pin To Net: NetName=NetU8_4 Pin=U8-2
Added Pin To Net: NetName=NetU7_5 Pin=U8-3
Added Pin To Net: NetName=GND Pin=U8-4
Added Pin To Net: NetName=RxD+ Pin=U8-5
Added Pin To Net: NetName=RxD- Pin=U8-6
Added Pin To Net: NetName=TxD- Pin=U8-7
Added Pin To Net: NetName=TxD+ Pin=U8-8
Change Net Name : Old Net Name=NetU8_4 New Net Name=NetU8_2
