Removed Pin From Net: NetName=NetC9_1 Pin=U2-1
Removed Pin From Net: NetName=3.3V Pin=U2-5
Removed Pin From Net: NetName=GND Pin=U2-7
Removed Member From Class: ClassName=CANbus Member=C20
Added Component: Designator=U6(*MSOP-16_MS)
Add component (AddParameter): Name = "Copyright"; Value = "Copyright (C) 2018 Accelerated Designs. All rights reserved"; VariantName = "[No Variations]"
Add component (AddParameter): Name = "Manufacturer_Part_Number"; Value = "ltc6820hms#pbf"; VariantName = "[No Variations]"
Add component (AddParameter): Name = "RefDes"; Value = "RefDes"; VariantName = "[No Variations]"
Add component (AddParameter): Name = "Type"; Value = "DEV"; VariantName = "[No Variations]"
Add component (AddParameter): Name = "Value"; Value = "Value"; VariantName = "[No Variations]"
Add component (AddParameter): Name = "Vendor"; Value = "Linear Technology"; VariantName = "[No Variations]"
Added Pin To Net: NetName=3.3V Pin=U2-1
Added Pin To Net: NetName=NetC9_1 Pin=U2-1
Added Pin To Net: NetName=GND Pin=U2-2
Added Pin To Net: NetName=3.3V Pin=U2-4
Added Pin To Net: NetName=3.3V Pin=U2-5
Added Pin To Net: NetName=NetC9_1 Pin=U2-6
Added Pin To Net: NetName=BSWDIO Pin=U2-7
Added Pin To Net: NetName=GND Pin=U2-7
Added Pin To Net: NetName=GND Pin=U6-1
Added Pin To Net: NetName=MOSI Pin=U6-2
Added Pin To Net: NetName=MISO Pin=U6-3
Added Pin To Net: NetName=SCK0 Pin=U6-4
Added Pin To Net: NetName=CS0 Pin=U6-5
Added Pin To Net: NetName=NetR28_2 Pin=U6-6
Added Pin To Net: NetName=+5 Pin=U6-7
Added Pin To Net: NetName=+5 Pin=U6-8
Added Pin To Net: NetName=+5 Pin=U6-9
Added Pin To Net: NetName=+5 Pin=U6-12
Added Pin To Net: NetName=GND Pin=U6-13
Added Pin To Net: NetName=GND Pin=U6-14
Added Pin To Net: NetName=NetR26_2 Pin=U6-15
Added Pin To Net: NetName=NetR26_1 Pin=U6-16
Added Member To Class: ClassName=CANbus Member=Component C28 GRM1885C1H101JA01D
Added Member To Class: ClassName=MK66F Member=Component U2 Part Number: MKL02Z32VFG4
Added Member To Class: ClassName=isoSPI_to_SPI Member=Component U6 Part Number: ltc6820hms#pbf
