Removed Pin From Net: NetName=GND Pin=J1-1
Removed Pin From Net: NetName=PTE0 Pin=J1-2
Removed Pin From Net: NetName=PTE1 Pin=J1-3
Removed Pin From Net: NetName=PTE2 Pin=J1-4
Removed Pin From Net: NetName=PTE3 Pin=J1-5
Removed Pin From Net: NetName=ADC1_DP0 Pin=J1-9
Removed Pin From Net: NetName=ADC1_DM0 Pin=J1-10
Removed Pin From Net: NetName=VREFH Pin=J1-11
Removed Pin From Net: NetName=PTB0 Pin=J1-33
Removed Pin From Net: NetName=PTB1 Pin=J1-34
Removed Pin From Net: NetName=PTB2 Pin=J1-35
Removed Pin From Net: NetName=PTB3 Pin=J1-36
Removed Pin From Net: NetName=PTC0 Pin=J1-51
Removed Pin From Net: NetName=PTC1 Pin=J1-52
Removed Pin From Net: NetName=PTC2 Pin=J1-53
Removed Pin From Net: NetName=PTC8 Pin=J1-58
Removed Pin From Net: NetName=PTD1 Pin=J1-63
Removed Pin From Net: NetName=PTD5 Pin=J1-66
Removed Pin From Net: NetName=PTD6 Pin=J1-67
Removed Pin From Net: NetName=3.3V Pin=J1-76
Removed Pin From Net: NetName=GND Pin=J1-77
Removed Pin From Net: NetName=CAN2_RX Pin=U2-123
Removed Pin From Net: NetName=CAN2_TX Pin=U2-124
Removed Pin From Net: NetName=CAN2_STBN Pin=U2-125
Removed Member From Class: ClassName=MCU Member=J1
Added Pin To Net: NetName=+3.3V_A Pin=P9-1
Added Pin To Net: NetName=GND Pin=P9-2
Added Pin To Net: NetName=ADC1_DP0 Pin=P9-3
Added Pin To Net: NetName=ADC1_DM0 Pin=P9-4
Added Pin To Net: NetName=PTD1 Pin=P9-5
Added Pin To Net: NetName=PTC0 Pin=P9-6
Added Pin To Net: NetName=PTB0 Pin=P9-7
Added Pin To Net: NetName=PTB1 Pin=P9-8
Added Pin To Net: NetName=PTD5 Pin=P9-9
Added Pin To Net: NetName=PTD6 Pin=P9-10
Added Pin To Net: NetName=PTC1 Pin=P9-11
Added Pin To Net: NetName=PTC2 Pin=P9-12
Added Pin To Net: NetName=PTC8 Pin=P9-13
Added Pin To Net: NetName=GND Pin=P9-14
Added Pin To Net: NetName=+3.3V_D Pin=P9-15
Added Pin To Net: NetName=CAN2_STBN Pin=U2-63
Added Pin To Net: NetName=CAN2_TX Pin=U2-64
Added Pin To Net: NetName=CAN2_RX Pin=U2-65
