Added Pin To Net: NetName=GND Pin=C3-2
Added Pin To Net: NetName=GND Pin=C4-1
Added Pin To Net: NetName=GND Pin=C5-1
Added Pin To Net: NetName=GND Pin=C11-1
Added Pin To Net: NetName=GND Pin=J1-1
Added Pin To Net: NetName=GND Pin=J1-2
Added Pin To Net: NetName=GND Pin=J2-1
Added Pin To Net: NetName=GND Pin=U1-23
Added Pin To Net: NetName=GND Pin=U1-29
Added Pin To Net: NetName=GND Pin=U1-38
Added Pin To Net: NetName=GND Pin=U1-39
Added Pin To Net: NetName=GND Pin=U1-40
Added Pin To Net: NetName=GND Pin=U1-41
Added Pin To Net: NetName=GND Pin=U1-42
Added Pin To Net: NetName=3.3V_A Pin=C1-2
Added Pin To Net: NetName=3.3V_A Pin=C2-1
Added Pin To Net: NetName=3.3V_A Pin=R4-2
Added Pin To Net: NetName=3.3V_A Pin=R5-2
Added Pin To Net: NetName=3.3V_A Pin=R6-2
Added Pin To Net: NetName=3.3V_A Pin=U1-4
Added Pin To Net: NetName=3.3V_A Pin=U1-8
Added Pin To Net: NetName=3.3V_A Pin=U1-11
Added Pin To Net: NetName=3.3V_A Pin=U1-15
Added Pin To Net: NetName=3.3V_A Pin=U1-17
Added Pin To Net: NetName=3.3V_A Pin=U1-21
Added Net: Name=3.3V_A
Added Pin To Net: NetName=3.3V_D Pin=C3-1
Added Pin To Net: NetName=3.3V_D Pin=C4-2
Added Pin To Net: NetName=3.3V_D Pin=C5-2
Added Pin To Net: NetName=3.3V_D Pin=J2-2
Added Pin To Net: NetName=3.3V_D Pin=J2-3
Added Pin To Net: NetName=3.3V_D Pin=R1-2
Added Pin To Net: NetName=3.3V_D Pin=R2-2
Added Pin To Net: NetName=3.3V_D Pin=R3-2
Added Pin To Net: NetName=3.3V_D Pin=U1-28
Added Pin To Net: NetName=3.3V_D Pin=U1-43
Added Pin To Net: NetName=3.3V_D Pin=U1-44
Added Pin To Net: NetName=3.3V_D Pin=U1-45
Added Net: Name=3.3V_D
Added Pin To Net: NetName=ACT_LED Pin=U1-27
Added Net: Name=ACT_LED
Added Pin To Net: NetName=AGND Pin=C1-1
Added Pin To Net: NetName=AGND Pin=C2-2
Added Pin To Net: NetName=AGND Pin=C8-1
Added Pin To Net: NetName=AGND Pin=C9-1
Added Pin To Net: NetName=AGND Pin=C10-1
Added Pin To Net: NetName=AGND Pin=U1-3
Added Pin To Net: NetName=AGND Pin=U1-9
Added Pin To Net: NetName=AGND Pin=U1-14
Added Pin To Net: NetName=AGND Pin=U1-16
Added Pin To Net: NetName=AGND Pin=U1-19
Added Pin To Net: NetName=AGND Pin=U1-48
Added Net: Name=AGND
Added Pin To Net: NetName=INTn Pin=R2-1
Added Pin To Net: NetName=INTn Pin=U1-36
Added Net: Name=INTn
Added Pin To Net: NetName=LINK_LED Pin=U1-25
Added Net: Name=LINK_LED
Added Pin To Net: NetName=MISO Pin=J2-6
Added Pin To Net: NetName=MISO Pin=U1-34
Added Net: Name=MISO
Added Pin To Net: NetName=MOSI Pin=J1-3
Added Pin To Net: NetName=MOSI Pin=U1-35
Added Net: Name=MOSI
Added Pin To Net: NetName=NetC6_1 Pin=C6-1
Added Net: Name=NetC6_1
Added Pin To Net: NetName=NetC6_2 Pin=C6-2
Added Net: Name=NetC6_2
Added Pin To Net: NetName=NetC7_1 Pin=C7-1
Added Net: Name=NetC7_1
Added Pin To Net: NetName=NetC7_2 Pin=C7-2
Added Net: Name=NetC7_2
Added Pin To Net: NetName=NetC8_2 Pin=C8-2
Added Pin To Net: NetName=NetC8_2 Pin=R4-1
Added Net: Name=NetC8_2
Added Pin To Net: NetName=NetC9_2 Pin=C9-2
Added Net: Name=NetC9_2
Added Pin To Net: NetName=NetC10_2 Pin=C10-2
Added Net: Name=NetC10_2
Added Net: Name=NetC12_2
Added Pin To Net: NetName=NetC13_2 Pin=U1-20
Added Net: Name=NetC13_2
Added Pin To Net: NetName=NetC14_2 Pin=U1-22
Added Net: Name=NetC14_2
Added Net: Name=NetP1_L2
Added Net: Name=NetP1_L3
Added Pin To Net: NetName=NetP1_R1 Pin=R6-1
Added Net: Name=NetP1_R1
Added Pin To Net: NetName=NetP1_R2 Pin=R5-1
Added Pin To Net: NetName=NetP1_R2 Pin=R7-1
Added Net: Name=NetP1_R2
Added Pin To Net: NetName=NetR8_2 Pin=U1-2
Added Net: Name=NetR8_2
Added Pin To Net: NetName=NetR9_2 Pin=U1-5
Added Net: Name=NetR9_2
Added Pin To Net: NetName=NetR11_2 Pin=U1-6
Added Net: Name=NetR11_2
Added Pin To Net: NetName=NetR15_2 Pin=U1-10
Added Net: Name=NetR15_2
Added Pin To Net: NetName=RSTn Pin=J2-5
Added Pin To Net: NetName=RSTn Pin=R3-1
Added Pin To Net: NetName=RSTn Pin=U1-37
Added Net: Name=RSTn
Added Pin To Net: NetName=SCLK Pin=J1-4
Added Pin To Net: NetName=SCLK Pin=U1-33
Added Net: Name=SCLK
Added Pin To Net: NetName=SCSn Pin=J1-5
Added Pin To Net: NetName=SCSn Pin=R1-1
Added Pin To Net: NetName=SCSn Pin=U1-32
Added Net: Name=SCSn
Added Pin To Net: NetName=XI Pin=C11-2
Added Pin To Net: NetName=XI Pin=U1-30
Added Net: Name=XI
Added Pin To Net: NetName=XO Pin=U1-31
Added Net: Name=XO
Added Class: Name=WIZ850io_SCH_V100
Added Member To Class: ClassName=MK66F Member=Component U1 Part Number: MK66FX1M0VLQ18
Added Room: Name=WIZ850io_SCH_V100
