Removed Pin From Net: NetName=3.3V Pin=C32-2
Removed Pin From Net: NetName=3.3V Pin=C35-2
Removed Pin From Net: NetName=3.3V Pin=C36-2
Removed Pin From Net: NetName=3.3V Pin=R8-1
Removed Pin From Net: NetName=3.3V Pin=U6-11
Added Pin To Net: NetName=3.3V Pin=C1-2
Added Pin To Net: NetName=3.3V_A Pin=C2-2
Added Pin To Net: NetName=3.3V Pin=C4-2
Added Pin To Net: NetName=3.3V Pin=C5-2
Added Pin To Net: NetName=3.3V Pin=C6-2
Added Pin To Net: NetName=3.3V Pin=C7-2
Added Pin To Net: NetName=3.3V Pin=C8-2
Added Pin To Net: NetName=3.3V Pin=C9-2
Added Pin To Net: NetName=3.3V Pin=C10-2
Added Pin To Net: NetName=3.3V Pin=C11-2
Added Pin To Net: NetName=3.3V Pin=C12-2
Added Pin To Net: NetName=3.3V Pin=C17-1
Added Pin To Net: NetName=3.3V Pin=C18-2
Added Pin To Net: NetName=3.3V Pin=C19-2
Added Pin To Net: NetName=3.3V Pin=C38-2
Added Pin To Net: NetName=3.3V_A Pin=C40-2
Added Pin To Net: NetName=3.3V Pin=FB1-1
Added Pin To Net: NetName=3.3V_A Pin=FB1-2
Added Pin To Net: NetName=3.3V_A Pin=P9-1
Added Pin To Net: NetName=3.3V Pin=P9-15
Added Pin To Net: NetName=3.3V_A Pin=R1-2
Added Pin To Net: NetName=3.3V Pin=R9-2
Added Pin To Net: NetName=3.3V Pin=R10-2
Added Pin To Net: NetName=3.3V Pin=R30-1
Added Pin To Net: NetName=3.3V Pin=U2-5
Added Pin To Net: NetName=3.3V Pin=U2-16
Added Pin To Net: NetName=3.3V_A Pin=U2-31
Added Pin To Net: NetName=3.3V Pin=U2-42
Added Pin To Net: NetName=3.3V Pin=U2-43
Added Pin To Net: NetName=3.3V Pin=U2-56
Added Pin To Net: NetName=3.3V Pin=U2-70
Added Pin To Net: NetName=3.3V Pin=U2-94
Added Pin To Net: NetName=3.3V Pin=U2-108
Added Pin To Net: NetName=3.3V Pin=U2-122
Added Pin To Net: NetName=3.3V Pin=U2-135
Added Pin To Net: NetName=3.3V Pin=U4-28
Added Pin To Net: NetName=3.3V Pin=U4-43
Added Pin To Net: NetName=3.3V Pin=U4-44
Added Pin To Net: NetName=3.3V Pin=U4-45
Added Pin To Net: NetName=3.3V Pin=U13-5
Added Pin To Net: NetName=3.3V_A Pin=U14-5
Change Net Name : Old Net Name=3.3V New Net Name=+3.3V_D
Change Net Name : Old Net Name=3.3V_A New Net Name=+3.3V_A
Added Pin To Net: NetName=3.3V Pin=C32-2
Added Pin To Net: NetName=3.3V Pin=C35-2
Added Pin To Net: NetName=3.3V Pin=C36-2
Added Pin To Net: NetName=3.3V Pin=R8-1
Added Pin To Net: NetName=3.3V Pin=U6-11
Added Net: Name=3.3V
