Removed Pin From Net: NetName=NetC9_1 Pin=U2-1
Removed Pin From Net: NetName=3.3V Pin=U2-5
Removed Pin From Net: NetName=GND Pin=U2-7
Added Pin To Net: NetName=3.3V Pin=U2-1
Added Pin To Net: NetName=NetC9_1 Pin=U2-1
Added Pin To Net: NetName=GND Pin=U2-2
Added Pin To Net: NetName=3.3V Pin=U2-4
Added Pin To Net: NetName=3.3V Pin=U2-5
Added Pin To Net: NetName=NetC9_1 Pin=U2-6
Added Pin To Net: NetName=BSWDIO Pin=U2-7
Added Pin To Net: NetName=GND Pin=U2-7
Change Class Name : Old Net Name=CAN_bus New Net Name=CANbus
Change Class Name : Old Net Name=Designator New Net Name=MK66F
Added Class: Name=Eth_to_SPI
Added Class: Name=isoSPI_to_SPI
Added Class: Name=Temp_Sensor
Added Member To Class: ClassName=CANbus Member=Component C? GRM188R71H472KA01D
Added Member To Class: ClassName=CANbus Member=Component C? GRM1885C1H101JA01D
Added Member To Class: ClassName=CANbus Member=Component C? GRM1885C1H101JA01D
Added Member To Class: ClassName=CANbus Member=Component C? GRM1885C1H101JA01D
Added Member To Class: ClassName=MK66F Member=Component U2 Part Number: MKL02Z32VFG4
Change Room Name: Old Name=Designator New Name=MK66F
Change Room Scope: Old Scope=InComponentClass('Designator') New Scope=InComponentClass('MK66F')
Change Room Name: Old Name=Designator_4 New Name=Temp_Sensor
Change Room Scope: Old Scope=InComponentClass('Designator') New Scope=InComponentClass('Temp_Sensor')
Added Room: Name=CANbus
Added Room: Name=Eth_to_SPI
Added Room: Name=isoSPI_to_SPI
