Removed Pin From Net: NetName=NetC1_1 Pin=D1-2
Removed Pin From Net: NetName=NetD1_1 Pin=D2-1
Removed Pin From Net: NetName=NetC1_1 Pin=D2-2
Removed Pin From Net: NetName=3.3V Pin=D3-1
Removed Pin From Net: NetName=NetC4_2 Pin=D3-2
Removed Pin From Net: NetName=VBAT Pin=D4-1
Removed Pin From Net: NetName=NetC4_2 Pin=D4-2
Removed Member From Class: ClassName=MK66F Member=D11
Removed Member From Class: ClassName=MK66F Member=D12
Change Component Footprint: Designator=FB2 Old Footprint=0402-A New Footprint=J1-0603
Change Component Footprint: Designator=FB3 Old Footprint=0402-A New Footprint=J1-0603
Change Component Footprint: Designator=D1 Old Footprint=SMC New Footprint=*SOT1061
Change Component Footprint: Designator=D2 Old Footprint=SMC New Footprint=*SOT1061
Change Component Comment : Designator=D1 Old Comment=Diode New Comment=PMEG4010CPA
Change Component Comment : Designator=D2 Old Comment=Diode New Comment=PMEG4010CPA
Change Component Designator: OldDesignator=crystal? NewDesignator=crystal2
Change Component Designator: OldDesignator=D11 NewDesignator=D3
Change Component Designator: OldDesignator=D12 NewDesignator=D4
Change component parameters: Designator = "FB2"; Footprint = "J1-0603"; UniqueID = "\ARXXKVII"
Change component parameters. Clean all parameters for all variants
Change component parameters (AddParameter): Name = "Code_IEC"; Value = "1005"; VariantName = "[No Variations]"
Change component parameters (AddParameter): Name = "Code_JEITA"; Value = "0402"; VariantName = "[No Variations]"
Change component parameters (AddParameter): Name = "LatestRevisionDate"; Value = "29-May-2009"; VariantName = "[No Variations]"
Change component parameters (AddParameter): Name = "LatestRevisionNote"; Value = "IPC-7351 Footprint Added."; VariantName = "[No Variations]"
Change component parameters (AddParameter): Name = "PackageDescription"; Value = "Chip Inductor"; VariantName = "[No Variations]"
Change component parameters (AddParameter): Name = "PackageReference"; Value = "0402-A"; VariantName = "[No Variations]"
Change component parameters (AddParameter): Name = "Published"; Value = "8-Jun-2000"; VariantName = "[No Variations]"
Change component parameters (AddParameter): Name = "Publisher"; Value = "Altium Limited"; VariantName = "[No Variations]"
Change component parameters (AddParameter): Name = "SPN"; Value = "490-1037-1-ND"; VariantName = "[No Variations]"
Change component parameters (AddParameter): Name = "Value"; Value = "10mH"; VariantName = "[No Variations]"
Change component parameters: Designator = "FB3"; Footprint = "J1-0603"; UniqueID = "\PYRTPWLK"
Change component parameters. Clean all parameters for all variants
Change component parameters (AddParameter): Name = "Code_IEC"; Value = "1005"; VariantName = "[No Variations]"
Change component parameters (AddParameter): Name = "Code_JEITA"; Value = "0402"; VariantName = "[No Variations]"
Change component parameters (AddParameter): Name = "LatestRevisionDate"; Value = "29-May-2009"; VariantName = "[No Variations]"
Change component parameters (AddParameter): Name = "LatestRevisionNote"; Value = "IPC-7351 Footprint Added."; VariantName = "[No Variations]"
Change component parameters (AddParameter): Name = "PackageDescription"; Value = "Chip Inductor"; VariantName = "[No Variations]"
Change component parameters (AddParameter): Name = "PackageReference"; Value = "0402-A"; VariantName = "[No Variations]"
Change component parameters (AddParameter): Name = "Published"; Value = "8-Jun-2000"; VariantName = "[No Variations]"
Change component parameters (AddParameter): Name = "Publisher"; Value = "Altium Limited"; VariantName = "[No Variations]"
Change component parameters (AddParameter): Name = "SPN"; Value = "490-1037-1-ND"; VariantName = "[No Variations]"
Change component parameters (AddParameter): Name = "Value"; Value = "10mH"; VariantName = "[No Variations]"
Change component parameters: Designator = "oscillator1"; Footprint = "ECS-160-8-30B-CKM"; UniqueID = "\HEQBRBQK"
Change component parameters. Clean all parameters for all variants
Change component parameters (AddParameter): Name = "SPN"; Value = "XC1839CT-ND"; VariantName = "[No Variations]"
Change component parameters (AddParameter): Name = "Value"; Value = "16MHz"; VariantName = "[No Variations]"
Change component parameters: Designator = "R26"; Footprint = "J1-0603"; UniqueID = "\QEQESHTS"
Change component parameters. Clean all parameters for all variants
Change component parameters (AddParameter): Name = "LatestRevisionDate"; Value = "29-May-2009"; VariantName = "[No Variations]"
Change component parameters (AddParameter): Name = "LatestRevisionNote"; Value = "IPC-7351 Footprint Added."; VariantName = "[No Variations]"
Change component parameters (AddParameter): Name = "PackageDescription"; Value = "Chip Resistor"; VariantName = "[No Variations]"
Change component parameters (AddParameter): Name = "PackageReference"; Value = "J1-0603"; VariantName = "[No Variations]"
Change component parameters (AddParameter): Name = "Published"; Value = "8-Jun-2000"; VariantName = "[No Variations]"
Change component parameters (AddParameter): Name = "Publisher"; Value = "Altium Limited"; VariantName = "[No Variations]"
Change component parameters (AddParameter): Name = "SPN"; Value = "RHM470ADCT-ND"; VariantName = "[No Variations]"
Change component parameters (AddParameter): Name = "Value"; Value = "470"; VariantName = "[No Variations]"
Change component parameters: Designator = "D1"; Footprint = "*SOT1061"; UniqueID = "\DLCLPMUW"
Change component parameters. Clean all parameters for all variants
Change component parameters (AddParameter): Name = "Digi-Key_Part_Number"; Value = "1727-2405-1-ND"; VariantName = "[No Variations]"
Change component parameters (AddParameter): Name = "Digi-Key_Purchase_URL"; Value = "https://www.digikey.ca/product-detail/en/nexperia-usa-inc/PMEG4010CPASX/1727-2405-1-ND/5436151?utm_source=snapeda&utm_medium=aggregator&utm_campaign=symbol"; VariantName = "[No Variations]"
Change component parameters (AddParameter): Name = "MF"; Value = "Nexperia USA"; VariantName = "[No Variations]"
Change component parameters (AddParameter): Name = "MP"; Value = "PMEG4010CPA"; VariantName = "[No Variations]"
Change component parameters (AddParameter): Name = "Package"; Value = "PowerUDFN-3 Nexperia USA"; VariantName = "[No Variations]"
Change component parameters (AddParameter): Name = "SnapEDA_Link"; Value = "https://www.snapeda.com/parts/PMEG4010CPA/Nexperia%20USA%20Inc./view-part/?ref=snap"; VariantName = "[No Variations]"
Change component parameters (AddParameter): Name = "Value"; Value = ""; VariantName = "[No Variations]"
Change component parameters: Designator = "D2"; Footprint = "*SOT1061"; UniqueID = "\DYRFMQDH"
Change component parameters. Clean all parameters for all variants
Change component parameters (AddParameter): Name = "Digi-Key_Part_Number"; Value = "1727-2405-1-ND"; VariantName = "[No Variations]"
Change component parameters (AddParameter): Name = "Digi-Key_Purchase_URL"; Value = "https://www.digikey.ca/product-detail/en/nexperia-usa-inc/PMEG4010CPASX/1727-2405-1-ND/5436151?utm_source=snapeda&utm_medium=aggregator&utm_campaign=symbol"; VariantName = "[No Variations]"
Change component parameters (AddParameter): Name = "MF"; Value = "Nexperia USA"; VariantName = "[No Variations]"
Change component parameters (AddParameter): Name = "MP"; Value = "PMEG4010CPA"; VariantName = "[No Variations]"
Change component parameters (AddParameter): Name = "Package"; Value = "PowerUDFN-3 Nexperia USA"; VariantName = "[No Variations]"
Change component parameters (AddParameter): Name = "SnapEDA_Link"; Value = "https://www.snapeda.com/parts/PMEG4010CPA/Nexperia%20USA%20Inc./view-part/?ref=snap"; VariantName = "[No Variations]"
Change component parameters (AddParameter): Name = "Value"; Value = ""; VariantName = "[No Variations]"
Added Pin To Net: NetName=NetD1_1 Pin=D1-2
Added Pin To Net: NetName=NetC1_1 Pin=D1-3
Added Pin To Net: NetName=VBAT Pin=D2-1
Added Pin To Net: NetName=3.3V Pin=D2-2
