Removed Pin From Net: NetName=PTB10 Pin=U2-91
Removed Pin From Net: NetName=PTB11 Pin=U2-92
Removed Pin From Net: NetName=PTB18 Pin=U2-97
Removed Pin From Net: NetName=PTB19 Pin=U2-98
Added Component: Designator=J5(FP-1-5747150-6-MFG)
Add component (AddParameter): Name = "Automotive"; Value = "No"; VariantName = "[No Variations]"
Add component (AddParameter): Name = "Category"; Value = "Conn"; VariantName = "[No Variations]"
Add component (AddParameter): Name = "ComponentLink2Description"; Value = "Datasheet"; VariantName = "[No Variations]"
Add component (AddParameter): Name = "ComponentLink2URL"; Value = "https://www.te.com/usa-en/product-1-5747150-6.html?te_bu=Cor&te_type=other&te_campaign=oct_glo_cor-oct-global-oth-prtnr-fy19-oct-octo-buy-bom_sma-298_2&elqCampaignId=35216"; VariantName = "[No Variations]"
Add component (AddParameter): Name = "Conn Gender"; Value = "Female"; VariantName = "[No Variations]"
Add component (AddParameter): Name = "Conn Orientation"; Value = "Vertical"; VariantName = "[No Variations]"
Add component (AddParameter): Name = "Contact Material"; Value = "Gold,Nickel"; VariantName = "[No Variations]"
Add component (AddParameter): Name = "Current Rating"; Value = "6A"; VariantName = "[No Variations]"
Add component (AddParameter): Name = "Device Class L1"; Value = "Connectors"; VariantName = "[No Variations]"
Add component (AddParameter): Name = "Device Class L2"; Value = "D-Sub Connectors"; VariantName = "[No Variations]"
Add component (AddParameter): Name = "Device Class L3"; Value = "unset"; VariantName = "[No Variations]"
Add component (AddParameter): Name = "Digikey Description"; Value = "CONN D-SUB RCPT 9POS VERT SOLDER"; VariantName = "[No Variations]"
Add component (AddParameter): Name = "Height"; Value = "12.54mm"; VariantName = "[No Variations]"
Add component (AddParameter): Name = "Is Female"; Value = "yes"; VariantName = "[No Variations]"
Add component (AddParameter): Name = "Lead Free"; Value = "Yes"; VariantName = "[No Variations]"
Add component (AddParameter): Name = "Manufacturer"; Value = "TE Connectivity"; VariantName = "[No Variations]"
Add component (AddParameter): Name = "Manufacturer Part Number"; Value = "1-5747150-6"; VariantName = "[No Variations]"
Add component (AddParameter): Name = "Mouser Description"; Value = "D-Sub Standard Connectors RECP FRNT MTL SHL 9P female screwlocks"; VariantName = "[No Variations]"
Add component (AddParameter): Name = "Number Of Contacts"; Value = "9"; VariantName = "[No Variations]"
Add component (AddParameter): Name = "Octopart"; Value = "https://octopart.com/1-5747150-6-te+connectivity-39500344"; VariantName = "[No Variations]"
Add component (AddParameter): Name = "Package"; Value = "1-5747150-6"; VariantName = "[No Variations]"
Add component (AddParameter): Name = "Pitch"; Value = "2.74mm"; VariantName = "[No Variations]"
Add component (AddParameter): Name = "RoHS"; Value = "TRUE"; VariantName = "[No Variations]"
Add component (AddParameter): Name = "Shielding"; Value = "false"; VariantName = "[No Variations]"
Add component (AddParameter): Name = "Temperature"; Value = "-55°C to +105°C"; VariantName = "[No Variations]"
Add component (AddParameter): Name = "Temperature Range High"; Value = "+105°C"; VariantName = "[No Variations]"
Add component (AddParameter): Name = "Temperature Range Low"; Value = "-55°C"; VariantName = "[No Variations]"
Added Pin To Net: NetName=+5 Pin=J5-1
Added Pin To Net: NetName=GND Pin=J5-2
Added Pin To Net: NetName=GPSPV Pin=J5-6
Added Pin To Net: NetName=GPSPV Pin=U2-97
Added Net: Name=GPSPV
Added Pin To Net: NetName=GPSRESETN Pin=J5-5
Added Pin To Net: NetName=GPSRESETN Pin=U2-98
Added Net: Name=GPSRESETN
Added Pin To Net: NetName=GPSRX Pin=J5-3
Added Pin To Net: NetName=GPSRX Pin=U2-92
Added Net: Name=GPSRX
Added Pin To Net: NetName=GPSTX Pin=J5-4
Added Pin To Net: NetName=GPSTX Pin=U2-91
Added Net: Name=GPSTX
Added Class: Name=GPS
Added Room: Name=GPS
