Removed Pin From Net: NetName=ADC0_DM0 Pin=J1-6
Removed Pin From Net: NetName=ADC1_DP0 Pin=J1-7
Removed Pin From Net: NetName=ADC1_DP0 Pin=J1-7
Removed Pin From Net: NetName=ADC1_DP0 Pin=J1-7
Removed Pin From Net: NetName=ADC1_DM0 Pin=J1-8
Removed Pin From Net: NetName=ADC0_SE22 Pin=J1-9
Removed Pin From Net: NetName=ADC0_SE21 Pin=J1-10
Removed Pin From Net: NetName=ADC0_SE23 Pin=J1-11
Removed Pin From Net: NetName=PTE24 Pin=J1-12
Removed Pin From Net: NetName=PTE25 Pin=J1-13
Removed Pin From Net: NetName=PTA7 Pin=J1-14
Removed Pin From Net: NetName=PTA8 Pin=J1-15
Removed Pin From Net: NetName=PTA17 Pin=J1-16
Removed Pin From Net: NetName=PTB0 Pin=J1-17
Removed Pin From Net: NetName=PTB1 Pin=J1-18
Removed Pin From Net: NetName=PTB2 Pin=J1-19
Removed Pin From Net: NetName=PTB3 Pin=J1-20
Removed Pin From Net: NetName=PTB4 Pin=J1-21
Removed Pin From Net: NetName=PTB5 Pin=J1-22
Removed Pin From Net: NetName=PTB6 Pin=J1-23
Removed Pin From Net: NetName=PTB7 Pin=J1-24
Removed Pin From Net: NetName=PTB10 Pin=J1-25
Removed Pin From Net: NetName=PTB11 Pin=J1-26
Removed Pin From Net: NetName=PTC0 Pin=J1-27
Removed Pin From Net: NetName=PTC1 Pin=J1-28
Removed Pin From Net: NetName=PTC2 Pin=J1-29
Removed Pin From Net: NetName=PTC8 Pin=J1-30
Removed Pin From Net: NetName=PTC8 Pin=J1-31
Removed Pin From Net: NetName=PTC9 Pin=J1-32
Removed Pin From Net: NetName=PTC10 Pin=J1-33
Removed Pin From Net: NetName=PTC11 Pin=J1-34
Removed Pin From Net: NetName=PTD1 Pin=J1-35
Removed Pin From Net: NetName=PTD5 Pin=J1-36
Removed Pin From Net: NetName=PTD6 Pin=J1-37
Removed Pin From Net: NetName=PTB19 Pin=J1-38
Removed Pin From Net: NetName=PTB18 Pin=J1-39
Added Pin To Net: NetName=GND Pin=J1-1
Added Pin To Net: NetName=PTE10 Pin=J1-6
Added Pin To Net: NetName=PTE11 Pin=J1-7
Added Pin To Net: NetName=PTE11 Pin=J1-7
Added Pin To Net: NetName=PTE11 Pin=J1-7
Added Pin To Net: NetName=ADC0_DM0 Pin=J1-8
Added Pin To Net: NetName=ADC1_DP0 Pin=J1-9
Added Pin To Net: NetName=ADC1_DM0 Pin=J1-10
Added Pin To Net: NetName=VREFH Pin=J1-11
Added Pin To Net: NetName=VREFL Pin=J1-12
Added Pin To Net: NetName=ADC0_SE22 Pin=J1-13
Added Pin To Net: NetName=ADC0_SE21 Pin=J1-14
Added Pin To Net: NetName=ADC1_SE18 Pin=J1-15
Added Pin To Net: NetName=ADC0_SE23 Pin=J1-16
Added Pin To Net: NetName=ADC1_SE23 Pin=J1-17
Added Pin To Net: NetName=PTE24 Pin=J1-18
Added Pin To Net: NetName=PTE25 Pin=J1-19
Added Pin To Net: NetName=PTE26 Pin=J1-20
Added Pin To Net: NetName=PTA5 Pin=J1-21
Added Pin To Net: NetName=PTA7 Pin=J1-22
Added Pin To Net: NetName=PTA8 Pin=J1-23
Added Pin To Net: NetName=PTA12 Pin=J1-24
Added Pin To Net: NetName=PTA13 Pin=J1-25
Added Pin To Net: NetName=PTA14 Pin=J1-26
Added Pin To Net: NetName=PTA15 Pin=J1-27
Added Pin To Net: NetName=PTA16 Pin=J1-28
Added Pin To Net: NetName=PTA17 Pin=J1-29
Added Pin To Net: NetName=PTA26 Pin=J1-30
Added Pin To Net: NetName=PTA28 Pin=J1-31
Added Pin To Net: NetName=PTA29 Pin=J1-32
Added Pin To Net: NetName=PTB0 Pin=J1-33
Added Pin To Net: NetName=PTB1 Pin=J1-34
Added Pin To Net: NetName=PTB2 Pin=J1-35
Added Pin To Net: NetName=PTB3 Pin=J1-36
Added Pin To Net: NetName=PTB4 Pin=J1-37
Added Pin To Net: NetName=PTB5 Pin=J1-38
Added Pin To Net: NetName=PTB6 Pin=J1-39
Added Pin To Net: NetName=GND Pin=J1-73
