Removed Pin From Net: NetName=PTC3 Pin=U1-106
Removed Pin From Net: NetName=CS0 Pin=U1-109
Removed Pin From Net: NetName=NetC9_1 Pin=U2-1
Removed Pin From Net: NetName=3.3V Pin=U2-5
Removed Pin From Net: NetName=GND Pin=U2-7
Added Pin To Net: NetName=MISO Pin=R28-1
Added Pin To Net: NetName=CS0 Pin=U1-106
Added Pin To Net: NetName=SCSn Pin=U1-109
Added Pin To Net: NetName=SCLK Pin=U1-110
Added Pin To Net: NetName=MOSI Pin=U1-111
Added Pin To Net: NetName=MISO Pin=U1-112
Added Pin To Net: NetName=RSTn Pin=U1-130
Added Pin To Net: NetName=3.3V Pin=U2-1
Added Pin To Net: NetName=NetC9_1 Pin=U2-1
Added Pin To Net: NetName=GND Pin=U2-2
Added Pin To Net: NetName=3.3V Pin=U2-4
Added Pin To Net: NetName=3.3V Pin=U2-5
Added Pin To Net: NetName=NetC9_1 Pin=U2-6
Added Pin To Net: NetName=BSWDIO Pin=U2-7
Added Pin To Net: NetName=GND Pin=U2-7
Added Member To Class: ClassName=Designator Member=Component U2 Part Number: MKL02Z32VFG4
Change Room Name: Old Name=Designator_2 New Name=Designator
Change Room Name: Old Name=Designator_3 New Name=Designator
Added Room: Name=Designator
