Removed Pin From Net: NetName=GND Pin=P?-1
Removed Pin From Net: NetName=GND Pin=P?-2
Removed Pin From Net: NetName=GND Pin=P?-3
Removed Pin From Net: NetName=GND Pin=P?-4
Removed Pin From Net: NetName=GND Pin=P?-5
Removed Pin From Net: NetName=GND Pin=P?-6
Removed Pin From Net: NetName=GND Pin=P?-7
Removed Pin From Net: NetName=GND Pin=P?-8
Removed Pin From Net: NetName=+7s Pin=P?-9
Removed Pin From Net: NetName=+7s Pin=P?-10
Removed Pin From Net: NetName=+7s Pin=P?-11
Removed Pin From Net: NetName=+7s Pin=P?-12
Removed Pin From Net: NetName=+7s Pin=P?-13
Removed Pin From Net: NetName=+7s Pin=P?-14
Removed Pin From Net: NetName=+7s Pin=P?-15
Removed Member From Class: ClassName=MCU Member=P?
Change Component Designator: OldDesignator=J? NewDesignator=J9
Change Component Designator: OldDesignator=J? NewDesignator=J10
Change Component Designator: OldDesignator=J? NewDesignator=J11
Change Component Designator: OldDesignator=J? NewDesignator=J12
Change Component Designator: OldDesignator=J? NewDesignator=J13
Change Component Designator: OldDesignator=P? NewDesignator=P9
Change Component Designator: OldDesignator=P? NewDesignator=P10
Added Member To Class: ClassName=Radio Member=Component J10 CONSMA001
Added Member To Class: ClassName=Radio Member=Component J11 142-0801-811
Added Member To Class: ClassName=Radio Member=Component J12 CONREVSMA001
Added Member To Class: ClassName=Radio Member=Component J13 EMPCB.SMAFSTJ.B.HT
Added Member To Class: ClassName=MCU Member=Component P9 Header 15
