Removed Pin From Net: NetName=PTA16 Pin=J1-40
Removed Pin From Net: NetName=PTA15 Pin=J1-41
Removed Pin From Net: NetName=PTA14 Pin=J1-42
Removed Pin From Net: NetName=PTA5 Pin=J1-43
Removed Pin From Net: NetName=PTE26 Pin=J1-44
Removed Pin From Net: NetName=PTC7 Pin=J1-45
Removed Pin From Net: NetName=PTC6 Pin=J1-46
Removed Pin From Net: NetName=PTC4 Pin=J1-47
Removed Pin From Net: NetName=PTC3 Pin=J1-48
Removed Pin From Net: NetName=PTD2 Pin=J1-49
Removed Pin From Net: NetName=PTD4 Pin=J1-50
Removed Pin From Net: NetName=PTD7 Pin=J1-51
Removed Pin From Net: NetName=PTA13 Pin=J1-52
Removed Pin From Net: NetName=PTA12 Pin=J1-53
Removed Pin From Net: NetName=PTD0 Pin=J1-54
Removed Pin From Net: NetName=PTB17 Pin=J1-55
Removed Pin From Net: NetName=PTB16 Pin=J1-56
Removed Pin From Net: NetName=PTA28 Pin=J1-57
Removed Pin From Net: NetName=PTA29 Pin=J1-58
Removed Pin From Net: NetName=PTA26 Pin=J1-59
Removed Pin From Net: NetName=PTB20 Pin=J1-60
Removed Pin From Net: NetName=PTB21 Pin=J1-61
Removed Pin From Net: NetName=PTB22 Pin=J1-62
Removed Pin From Net: NetName=PTB23 Pin=J1-63
Removed Pin From Net: NetName=PTD8 Pin=J1-64
Removed Pin From Net: NetName=PTD9 Pin=J1-65
Removed Pin From Net: NetName=PTD15 Pin=J1-66
Removed Pin From Net: NetName=PTD14 Pin=J1-67
Removed Pin From Net: NetName=PTD13 Pin=J1-68
Removed Pin From Net: NetName=PTD12 Pin=J1-69
Removed Pin From Net: NetName=PTD11 Pin=J1-70
Removed Pin From Net: NetName=PTD10 Pin=J1-72
Removed Pin From Net: NetName=GND Pin=J1-73
Removed Pin From Net: NetName=3.3V Pin=J1-74
Removed Pin From Net: NetName=VREFH Pin=J1-75
Removed Pin From Net: NetName=VREFL Pin=J1-76
Added Pin To Net: NetName=PTB7 Pin=J1-40
Added Pin To Net: NetName=PTB10 Pin=J1-41
Added Pin To Net: NetName=PTB11 Pin=J1-42
Added Pin To Net: NetName=PTB16 Pin=J1-43
Added Pin To Net: NetName=PTB17 Pin=J1-44
Added Pin To Net: NetName=PTB18 Pin=J1-45
Added Pin To Net: NetName=PTB19 Pin=J1-46
Added Pin To Net: NetName=PTB20 Pin=J1-47
Added Pin To Net: NetName=PTB21 Pin=J1-48
Added Pin To Net: NetName=PTB22 Pin=J1-49
Added Pin To Net: NetName=PTB23 Pin=J1-50
Added Pin To Net: NetName=PTC0 Pin=J1-51
Added Pin To Net: NetName=PTC1 Pin=J1-52
Added Pin To Net: NetName=PTC2 Pin=J1-53
Added Pin To Net: NetName=PTC3 Pin=J1-54
Added Pin To Net: NetName=PTC4 Pin=J1-55
Added Pin To Net: NetName=PTC6 Pin=J1-56
Added Pin To Net: NetName=PTC7 Pin=J1-57
Added Pin To Net: NetName=PTC8 Pin=J1-58
Added Pin To Net: NetName=PTC9 Pin=J1-59
Added Pin To Net: NetName=PTC10 Pin=J1-60
Added Pin To Net: NetName=PTC11 Pin=J1-61
Added Pin To Net: NetName=PTD0 Pin=J1-62
Added Pin To Net: NetName=PTD1 Pin=J1-63
Added Pin To Net: NetName=PTD2 Pin=J1-64
Added Pin To Net: NetName=PTD4 Pin=J1-65
Added Pin To Net: NetName=PTD5 Pin=J1-66
Added Pin To Net: NetName=PTD6 Pin=J1-67
Added Pin To Net: NetName=PTD7 Pin=J1-68
Added Pin To Net: NetName=PTD8 Pin=J1-69
Added Pin To Net: NetName=PTD9 Pin=J1-70
Added Pin To Net: NetName=PTD12 Pin=J1-72
Added Pin To Net: NetName=PTD13 Pin=J1-73
Added Pin To Net: NetName=PTD14 Pin=J1-74
Added Pin To Net: NetName=PTD15 Pin=J1-75
Added Pin To Net: NetName=3.3V Pin=J1-76
