Removed Pin From Net: NetName=PTA3 Pin=P2-9
Removed Pin From Net: NetName=PTA3 Pin=U1-7
Added Component: Designator=C26(J1-0603)
Add component (AddParameter): Name = "LatestRevisionDate"; Value = "17-Jul-2002"; VariantName = "[No Variations]"
Add component (AddParameter): Name = "LatestRevisionNote"; Value = "Re-released for DXP Platform."; VariantName = "[No Variations]"
Add component (AddParameter): Name = "PackageDescription"; Value = "Radial Cap, Thru-Hole; 2 Leads; 0.3 in Pin Spacing"; VariantName = "[No Variations]"
Add component (AddParameter): Name = "PackageReference"; Value = "RAD-0.3"; VariantName = "[No Variations]"
Add component (AddParameter): Name = "Published"; Value = "8-Jun-2000"; VariantName = "[No Variations]"
Add component (AddParameter): Name = "Publisher"; Value = "Altium Limited"; VariantName = "[No Variations]"
Add component (AddParameter): Name = "Value"; Value = "100nF"; VariantName = "[No Variations]"
Added Component: Designator=R26(J1-0603)
Add component (AddParameter): Name = "LatestRevisionDate"; Value = "17-Jul-2002"; VariantName = "[No Variations]"
Add component (AddParameter): Name = "LatestRevisionNote"; Value = "Re-released for DXP Platform."; VariantName = "[No Variations]"
Add component (AddParameter): Name = "PackageDescription"; Value = "Axial Device, Thru-Hole; 2 Leads; 0.3 in Pin Spacing"; VariantName = "[No Variations]"
Add component (AddParameter): Name = "PackageReference"; Value = "AXIAL-0.3"; VariantName = "[No Variations]"
Add component (AddParameter): Name = "Published"; Value = "8-Jun-2000"; VariantName = "[No Variations]"
Add component (AddParameter): Name = "Publisher"; Value = "Altium Limited"; VariantName = "[No Variations]"
Add component (AddParameter): Name = "Value"; Value = "806"; VariantName = "[No Variations]"
Added Component: Designator=R27(J1-0603)
Add component (AddParameter): Name = "LatestRevisionDate"; Value = "17-Jul-2002"; VariantName = "[No Variations]"
Add component (AddParameter): Name = "LatestRevisionNote"; Value = "Re-released for DXP Platform."; VariantName = "[No Variations]"
Add component (AddParameter): Name = "PackageDescription"; Value = "Axial Device, Thru-Hole; 2 Leads; 0.3 in Pin Spacing"; VariantName = "[No Variations]"
Add component (AddParameter): Name = "PackageReference"; Value = "AXIAL-0.3"; VariantName = "[No Variations]"
Add component (AddParameter): Name = "Published"; Value = "8-Jun-2000"; VariantName = "[No Variations]"
Add component (AddParameter): Name = "Publisher"; Value = "Altium Limited"; VariantName = "[No Variations]"
Add component (AddParameter): Name = "Value"; Value = "1.21k"; VariantName = "[No Variations]"
Added Component: Designator=R28(J1-0603)
Add component (AddParameter): Name = "LatestRevisionDate"; Value = "17-Jul-2002"; VariantName = "[No Variations]"
Add component (AddParameter): Name = "LatestRevisionNote"; Value = "Re-released for DXP Platform."; VariantName = "[No Variations]"
Add component (AddParameter): Name = "PackageDescription"; Value = "Axial Device, Thru-Hole; 2 Leads; 0.3 in Pin Spacing"; VariantName = "[No Variations]"
Add component (AddParameter): Name = "PackageReference"; Value = "AXIAL-0.3"; VariantName = "[No Variations]"
Add component (AddParameter): Name = "Published"; Value = "8-Jun-2000"; VariantName = "[No Variations]"
Add component (AddParameter): Name = "Publisher"; Value = "Altium Limited"; VariantName = "[No Variations]"
Add component (AddParameter): Name = "Value"; Value = "2k"; VariantName = "[No Variations]"
Added Component: Designator=S1(*SW_SS312SAH4-R)
Add component (AddParameter): Name = "Availability"; Value = "Unavailable"; VariantName = "[No Variations]"
Add component (AddParameter): Name = "MF"; Value = "NKK Switches"; VariantName = "[No Variations]"
Add component (AddParameter): Name = "MP"; Value = "SS312SAH4-R"; VariantName = "[No Variations]"
Add component (AddParameter): Name = "Package"; Value = "None"; VariantName = "[No Variations]"
Add component (AddParameter): Name = "Price"; Value = "None"; VariantName = "[No Variations]"
Add component (AddParameter): Name = "SnapEDA_Link"; Value = "https://www.snapeda.com/parts/SS312SAH4-R/NKK%20Switches/view-part/?ref=snap"; VariantName = "[No Variations]"
Add component (AddParameter): Name = "Value"; Value = ""; VariantName = "[No Variations]"
Added Pin To Net: NetName=GND Pin=C26-1
Added Pin To Net: NetName=GND Pin=R27-1
Added Pin To Net: NetName=PTA3 Pin=S1-2
Added Pin To Net: NetName=+5 Pin=C26-2
Added Net: Name=+5
Added Pin To Net: NetName=BSWDIO Pin=S1-3
Added Pin To Net: NetName=BSWDIO Pin=U1-7
Added Net: Name=BSWDIO
Added Pin To Net: NetName=NetP2_9 Pin=P2-9
Added Pin To Net: NetName=NetP2_9 Pin=S1-1
Added Net: Name=NetP2_9
Added Pin To Net: NetName=NetR26_1 Pin=R26-1
Added Net: Name=NetR26_1
Added Pin To Net: NetName=NetR26_2 Pin=R26-2
Added Pin To Net: NetName=NetR26_2 Pin=R27-2
Added Net: Name=NetR26_2
Added Pin To Net: NetName=NetR28_1 Pin=R28-1
Added Net: Name=NetR28_1
Added Pin To Net: NetName=NetR28_2 Pin=R28-2
Added Net: Name=NetR28_2
Added Class: Name=LTC6820
Added Member To Class: ClassName=MCU_Power Member=Component C1 Cap Pol3
Added Member To Class: ClassName=MCU_Power Member=Component C2 Cap Pol3
Added Member To Class: ClassName=MCU_Power Member=Component C3 Cap Pol3
Added Member To Class: ClassName=MCU_Power Member=Component C4 Cap Semi
Added Member To Class: ClassName=MCU_Power Member=Component C5 Cap Semi
Added Member To Class: ClassName=MCU_Power Member=Component C6 Cap Semi
Added Member To Class: ClassName=MCU_Power Member=Component C8 Cap Semi
Added Member To Class: ClassName=MCU_Power Member=Component C9 Cap Semi
Added Member To Class: ClassName=MCU_Power Member=Component C10 Cap Semi
Added Member To Class: ClassName=MCU_Power Member=Component D2 PMEG4010CPA
Added Member To Class: ClassName=MCU_Power Member=Component D3 PMEG4010CPA
Added Member To Class: ClassName=MCU_Power Member=Component F1 500mA
Added Member To Class: ClassName=MCU_Power Member=Component FB1 Inductor
Added Member To Class: ClassName=MCU_Power Member=Component FB2 Inductor
Added Member To Class: ClassName=MCU_Power Member=Component FB3 Inductor
Added Member To Class: ClassName=MCU_Power Member=Component J3 10118193-0001LF
Added Member To Class: ClassName=MCU_Power Member=Component R1 Res3
Added Member To Class: ClassName=MCU_Power Member=Component R2 Res3
Added Member To Class: ClassName=MCU_Power Member=Component R3 Res3
Added Member To Class: ClassName=MK66F Member=Component S1 SS312SAH4-R
Added Room: Name=LTC6820
