Removed Pin From Net: NetName=Reset_b Pin=SW1-1
Removed Pin From Net: NetName=GND Pin=SW1-3
Removed Pin From Net: NetName=GND Pin=SW1-4
Removed Member From Class: ClassName=MCU Member=SW?
Change Component Designator: OldDesignator=R? NewDesignator=R43
Change Component Designator: OldDesignator=SW? NewDesignator=SW1
Added Component: Designator=U1(SOT353_NXP)
Add component (AddParameter): Name = "Built_By"; Value = "EMA_UL_Team"; VariantName = "[No Variations]"
Add component (AddParameter): Name = "Copyright"; Value = "Copyright (C) 2018 Accelerated Designs. All rights reserved"; VariantName = "[No Variations]"
Add component (AddParameter): Name = "Manufacturer_Part_Number"; Value = "PESD3V3L4UG"; VariantName = "[No Variations]"
Add component (AddParameter): Name = "RefDes"; Value = "RefDes"; VariantName = "[No Variations]"
Add component (AddParameter): Name = "SourceLibrary"; Value = "NXP_2011-11-10"; VariantName = "[No Variations]"
Add component (AddParameter): Name = "Type"; Value = "DEV"; VariantName = "[No Variations]"
Add component (AddParameter): Name = "Vendor"; Value = "NXP"; VariantName = "[No Variations]"
Added Pin To Net: NetName=Reset_b Pin=P4-1
Added Pin To Net: NetName=Reset_b Pin=U1-1
Added Pin To Net: NetName=GND Pin=U1-2
Added Pin To Net: NetName=PTA3 Pin=U1-3
Added Pin To Net: NetName=PTA0 Pin=U1-4
Added Pin To Net: NetName=PTA2 Pin=U1-5
Added Member To Class: ClassName=MCU Member=Component U1 PESD3V3L4UG
