Removed Pin From Net: NetName=NetC20_1 Pin=J6-1
Removed Pin From Net: NetName=NetC18_1 Pin=J6-3
Removed Pin From Net: NetName=NetC19_2 Pin=J6-4
Removed Pin From Net: NetName=NetC17_1 Pin=J6-7
Removed Pin From Net: NetName=NetC21_2 Pin=J6-8
Removed Pin From Net: NetName=RSTn Pin=R11-1
Removed Pin From Net: NetName=NetC9_1 Pin=U2-1
Removed Pin From Net: NetName=3.3V Pin=U2-5
Removed Pin From Net: NetName=GND Pin=U2-7
Removed Member From Class: ClassName=Eth_to_SPI Member=J6
Added Component: Designator=J?(FP-1-5747150-6-MFG)
Add component (AddParameter): Name = "Automotive"; Value = "No"; VariantName = "[No Variations]"
Add component (AddParameter): Name = "Category"; Value = "Conn"; VariantName = "[No Variations]"
Add component (AddParameter): Name = "ComponentLink2Description"; Value = "Datasheet"; VariantName = "[No Variations]"
Add component (AddParameter): Name = "ComponentLink2URL"; Value = "https://www.te.com/usa-en/product-1-5747150-6.html?te_bu=Cor&te_type=other&te_campaign=oct_glo_cor-oct-global-oth-prtnr-fy19-oct-octo-buy-bom_sma-298_2&elqCampaignId=35216"; VariantName = "[No Variations]"
Add component (AddParameter): Name = "Conn Gender"; Value = "Female"; VariantName = "[No Variations]"
Add component (AddParameter): Name = "Conn Orientation"; Value = "Vertical"; VariantName = "[No Variations]"
Add component (AddParameter): Name = "Contact Material"; Value = "Gold,Nickel"; VariantName = "[No Variations]"
Add component (AddParameter): Name = "Current Rating"; Value = "6A"; VariantName = "[No Variations]"
Add component (AddParameter): Name = "Device Class L1"; Value = "Connectors"; VariantName = "[No Variations]"
Add component (AddParameter): Name = "Device Class L2"; Value = "D-Sub Connectors"; VariantName = "[No Variations]"
Add component (AddParameter): Name = "Device Class L3"; Value = "unset"; VariantName = "[No Variations]"
Add component (AddParameter): Name = "Digikey Description"; Value = "CONN D-SUB RCPT 9POS VERT SOLDER"; VariantName = "[No Variations]"
Add component (AddParameter): Name = "Height"; Value = "12.54mm"; VariantName = "[No Variations]"
Add component (AddParameter): Name = "Is Female"; Value = "yes"; VariantName = "[No Variations]"
Add component (AddParameter): Name = "Lead Free"; Value = "Yes"; VariantName = "[No Variations]"
Add component (AddParameter): Name = "Manufacturer"; Value = "TE Connectivity"; VariantName = "[No Variations]"
Add component (AddParameter): Name = "Manufacturer Part Number"; Value = "1-5747150-6"; VariantName = "[No Variations]"
Add component (AddParameter): Name = "Mouser Description"; Value = "D-Sub Standard Connectors RECP FRNT MTL SHL 9P female screwlocks"; VariantName = "[No Variations]"
Add component (AddParameter): Name = "Number Of Contacts"; Value = "9"; VariantName = "[No Variations]"
Add component (AddParameter): Name = "Octopart"; Value = "https://octopart.com/1-5747150-6-te+connectivity-39500344"; VariantName = "[No Variations]"
Add component (AddParameter): Name = "Package"; Value = "1-5747150-6"; VariantName = "[No Variations]"
Add component (AddParameter): Name = "Pitch"; Value = "2.74mm"; VariantName = "[No Variations]"
Add component (AddParameter): Name = "RoHS"; Value = "TRUE"; VariantName = "[No Variations]"
Add component (AddParameter): Name = "Shielding"; Value = "false"; VariantName = "[No Variations]"
Add component (AddParameter): Name = "Temperature"; Value = "-55°C to +105°C"; VariantName = "[No Variations]"
Add component (AddParameter): Name = "Temperature Range High"; Value = "+105°C"; VariantName = "[No Variations]"
Add component (AddParameter): Name = "Temperature Range Low"; Value = "-55°C"; VariantName = "[No Variations]"
Added Pin To Net: NetName=NetC20_1 Pin=J?-1
Added Pin To Net: NetName=NetC17_1 Pin=J?-2
Added Pin To Net: NetName=NetC18_1 Pin=J?-3
Added Pin To Net: NetName=NetC21_2 Pin=J?-4
Added Pin To Net: NetName=NetC19_2 Pin=J?-5
Added Pin To Net: NetName=RSTn Pin=U1-130
Added Pin To Net: NetName=3.3V Pin=U2-1
Added Pin To Net: NetName=NetC9_1 Pin=U2-1
Added Pin To Net: NetName=GND Pin=U2-2
Added Pin To Net: NetName=3.3V Pin=U2-4
Added Pin To Net: NetName=3.3V Pin=U2-5
Added Pin To Net: NetName=NetC9_1 Pin=U2-6
Added Pin To Net: NetName=BSWDIO Pin=U2-7
Added Pin To Net: NetName=GND Pin=U2-7
Added Pin To Net: NetName=RSTn Pin=U5-37
Added Pin To Net: NetName=NetJ?_6 Pin=J?-6
Added Pin To Net: NetName=NetJ?_6 Pin=R13-1
Added Pin To Net: NetName=NetJ?_6 Pin=R15-1
Added Net: Name=NetJ?_6
Added Pin To Net: NetName=NetJ?_7 Pin=J?-7
Added Pin To Net: NetName=NetJ?_7 Pin=R14-1
Added Pin To Net: NetName=NetJ?_7 Pin=R16-1
Added Net: Name=NetJ?_7
Added Member To Class: ClassName=Eth_to_SPI Member=Component J? 1-5747150-6
Added Member To Class: ClassName=MCU Member=Component U2 Part Number: MKL02Z32VFG4
