PCAD Importer Log
Project : AltiumV15.LibPkg

Section : C:\Users\Pablo Fernandez\Documents\UBC Rocket\WB\4500-WB_AV_MainPCB\PCB\Libraries\5747847-4\AltiumV15\AltiumV15.lia
    Section : PCB Library - AltiumV15.PcbLib
        Section : Load Messages
            Warning - 1 : Skipping Token poly On Line 370
            Warning - 1 : Skipping Token poly On Line 378
            Warning - 1 : Skipping Token CONN_5747847-4 On Line 848
            Warning - 1 : Skipping Token CONN_5747847-4_2 On Line 1266
            Warning - 1 : Skipping Token CONN_5747847-4_3 On Line 1684
            Warning - 1 : Skipping Token attachedSymbol On Line 2038
            Warning - 1 : Skipping Token attachedSymbol On Line 2039
            Warning - 1 : Skipping Token attachedSymbol On Line 2040
        EndSection

        Section : Import Messages
            Warning : Ellipse solder shape converted to solid region
            Warning : Ellipse solder shape converted to solid region
            Warning : Ellipse solder shape converted to solid region
            Warning : Ellipse solder shape converted to solid region
            Warning : Ellipse solder shape converted to solid region
            Warning : Ellipse solder shape converted to solid region
            Warning : Ellipse solder shape converted to solid region
            Warning : Ellipse solder shape converted to solid region
            Warning : Ellipse solder shape converted to solid region
            Warning : Ellipse solder shape converted to solid region
            Warning : Ellipse solder shape converted to solid region
            Warning : Ellipse solder shape converted to solid region
            Warning : Ellipse solder shape converted to solid region
            Warning : Ellipse solder shape converted to solid region
            Warning : Ellipse solder shape converted to solid region
            Warning : Ellipse solder shape converted to solid region
            Warning : Ellipse solder shape converted to solid region
            Warning : Ellipse solder shape converted to solid region
            Warning : Ellipse solder shape converted to solid region
            Warning : Ellipse solder shape converted to solid region
            Warning : Ellipse solder shape converted to solid region
            Warning : Ellipse solder shape converted to solid region
            Warning : Ellipse solder shape converted to solid region
            Warning : Ellipse solder shape converted to solid region
            Warning : Ellipse solder shape converted to solid region
            Warning : Ellipse solder shape converted to solid region
            Warning : Ellipse solder shape converted to solid region
            Warning : Ellipse solder shape converted to solid region
            Warning : Ellipse solder shape converted to solid region
            Warning : Ellipse solder shape converted to solid region
            Warning : Ellipse solder shape converted to solid region
            Warning : Ellipse solder shape converted to solid region
            Warning : Ellipse solder shape converted to solid region
            Warning : Ellipse solder shape converted to solid region
            Warning : Ellipse solder shape converted to solid region
            Warning : Ellipse solder shape converted to solid region
            Warning : Ellipse solder shape converted to solid region
            Warning : Ellipse solder shape converted to solid region
            Warning : Ellipse solder shape converted to solid region
            Warning : Ellipse solder shape converted to solid region
            Warning : Ellipse solder shape converted to solid region
            Warning : Ellipse solder shape converted to solid region
            Warning : Ellipse solder shape converted to solid region
            Warning : Ellipse solder shape converted to solid region
            Warning : Ellipse solder shape converted to solid region
            Warning : Ellipse solder shape converted to solid region
            Warning : Ellipse solder shape converted to solid region
            Warning : Ellipse solder shape converted to solid region
            Warning : Ellipse solder shape converted to solid region
            Warning : Ellipse solder shape converted to solid region
            Warning : Ellipse solder shape converted to solid region
            Warning : Ellipse solder shape converted to solid region
            Warning : Ellipse solder shape converted to solid region
            Warning : Ellipse solder shape converted to solid region
            Warning : Ellipse solder shape converted to solid region
            Warning : Ellipse solder shape converted to solid region
            Warning : Ellipse solder shape converted to solid region
            Warning : Ellipse solder shape converted to solid region
            Warning : Ellipse solder shape converted to solid region
            Warning : Ellipse solder shape converted to solid region
            Warning : Ellipse solder shape converted to solid region
            Warning : Ellipse solder shape converted to solid region
            Warning : Ellipse solder shape converted to solid region
            Warning : Ellipse solder shape converted to solid region
            Warning : Ellipse solder shape converted to solid region
            Warning : Ellipse solder shape converted to solid region
            Warning : Ellipse solder shape converted to solid region
            Warning : Ellipse solder shape converted to solid region
            Warning : Ellipse solder shape converted to solid region
            Warning : Ellipse solder shape converted to solid region
            Warning : Ellipse solder shape converted to solid region
            Warning : Ellipse solder shape converted to solid region
            Warning : Ellipse solder shape converted to solid region
            Warning : Ellipse solder shape converted to solid region
            Warning : Ellipse solder shape converted to solid region
            Warning : Ellipse solder shape converted to solid region
            Warning : Ellipse solder shape converted to solid region
            Warning : Ellipse solder shape converted to solid region
            Warning : Ellipse solder shape converted to solid region
            Warning : Ellipse solder shape converted to solid region
            Warning : Ellipse solder shape converted to solid region
            Warning : Ellipse solder shape converted to solid region
            Warning : Ellipse solder shape converted to solid region
            Warning : Ellipse solder shape converted to solid region
            Warning : Ellipse solder shape converted to solid region
            Warning : Ellipse solder shape converted to solid region
            Warning : Ellipse solder shape converted to solid region
            Warning : Ellipse solder shape converted to solid region
            Warning : Ellipse solder shape converted to solid region
            Warning : Ellipse solder shape converted to solid region
            Warning : Ellipse solder shape converted to solid region
            Warning : Ellipse solder shape converted to solid region
            Warning : Ellipse solder shape converted to solid region
            Warning : Ellipse solder shape converted to solid region
            Warning : Ellipse solder shape converted to solid region
            Warning : Ellipse solder shape converted to solid region
            Warning : Ellipse solder shape converted to solid region
            Warning : Ellipse solder shape converted to solid region
            Warning : Ellipse solder shape converted to solid region
            Warning : Ellipse solder shape converted to solid region
            Warning : Ellipse solder shape converted to solid region
            Warning : Ellipse solder shape converted to solid region
            Warning : Ellipse solder shape converted to solid region
            Warning : Ellipse solder shape converted to solid region
            Warning : Ellipse solder shape converted to solid region
            Warning : Ellipse solder shape converted to solid region
            Warning : Ellipse solder shape converted to solid region
            Warning : Ellipse solder shape converted to solid region
            Warning : Ellipse solder shape converted to solid region
            Warning : Ellipse solder shape converted to solid region
            Warning : Ellipse solder shape converted to solid region
            Warning : Ellipse solder shape converted to solid region
            Warning : Ellipse solder shape converted to solid region
            Warning : Ellipse solder shape converted to solid region
            Warning : Ellipse solder shape converted to solid region
        EndSection
    EndSection

    Section : SCH Library - AltiumV15.SchLib
        Section : Parsing Messages
            Warning - 1 : Skipping Token padStyleDef On Line 10
            Warning - 1 : Skipping Token padStyleDef On Line 23
            Warning - 1 : Skipping Token multiLayer On Line 315
            Warning - 1 : Skipping Token layerContents On Line 357
            Warning - 1 : Skipping Token layerContents On Line 360
            Warning - 1 : Skipping Token layerContents On Line 363
            Warning - 1 : Skipping Token layerContents On Line 366
            Warning - 1 : Skipping Token layerContents On Line 369
            Warning - 1 : Skipping Token layerContents On Line 377
            Warning - 1 : Skipping Token layerContents On Line 385
            Warning - 1 : Skipping Token layerContents On Line 388
            Warning - 1 : Skipping Token layerContents On Line 391
            Warning - 1 : Skipping Token layerContents On Line 394
            Warning - 1 : Skipping Token layerContents On Line 397
            Warning - 1 : Skipping Token layerContents On Line 400
            Warning - 1 : Skipping Token layerContents On Line 403
            Warning - 1 : Skipping Token layerContents On Line 406
            Warning - 1 : Skipping Token layerContents On Line 409
            Warning - 1 : Skipping Token layerContents On Line 412
            Warning - 1 : Skipping Token layerContents On Line 415
            Warning - 1 : Skipping Token layerContents On Line 418
            Warning - 1 : Skipping Token layerContents On Line 421
            Warning - 1 : Skipping Token layerContents On Line 424
            Warning - 1 : Skipping Token layerContents On Line 427
            Warning - 1 : Skipping Token layerContents On Line 430
            Warning - 1 : Skipping Token layerContents On Line 433
            Warning - 1 : Skipping Token layerContents On Line 436
            Warning - 1 : Skipping Token layerContents On Line 439
            Warning - 1 : Skipping Token layerContents On Line 442
            Warning - 1 : Skipping Token layerContents On Line 445
            Warning - 1 : Skipping Token layerContents On Line 448
            Warning - 1 : Skipping Token layerContents On Line 451
            Warning - 1 : Skipping Token layerContents On Line 454
            Warning - 1 : Skipping Token layerContents On Line 457
            Warning - 1 : Skipping Token layerContents On Line 460
            Warning - 1 : Skipping Token layerContents On Line 463
            Warning - 1 : Skipping Token layerContents On Line 466
            Warning - 1 : Skipping Token layerContents On Line 469
            Warning - 1 : Skipping Token layerContents On Line 472
            Warning - 1 : Skipping Token layerContents On Line 475
            Warning - 1 : Skipping Token layerContents On Line 478
            Warning - 1 : Skipping Token layerContents On Line 481
            Warning - 1 : Skipping Token layerContents On Line 484
            Warning - 1 : Skipping Token layerContents On Line 487
            Warning - 1 : Skipping Token layerContents On Line 490
            Warning - 1 : Skipping Token layerContents On Line 493
            Warning - 1 : Skipping Token layerContents On Line 496
            Warning - 1 : Skipping Token layerContents On Line 499
            Warning - 1 : Skipping Token layerContents On Line 502
            Warning - 1 : Skipping Token layerContents On Line 505
            Warning - 1 : Skipping Token layerContents On Line 508
            Warning - 1 : Skipping Token layerContents On Line 511
            Warning - 1 : Skipping Token layerContents On Line 514
            Warning - 1 : Skipping Token layerContents On Line 517
            Warning - 1 : Skipping Token layerContents On Line 520
            Warning - 1 : Skipping Token layerContents On Line 523
            Warning - 1 : Skipping Token layerContents On Line 526
            Warning - 1 : Skipping Token layerContents On Line 529
            Warning - 1 : Skipping Token layerContents On Line 532
            Warning - 1 : Skipping Token layerContents On Line 535
            Warning - 1 : Skipping Token layerContents On Line 538
            Warning - 1 : Skipping Token layerContents On Line 541
            Warning - 1 : Skipping Token layerContents On Line 544
            Warning - 1 : Skipping Token layerContents On Line 547
            Warning - 1 : Skipping Token layerContents On Line 550
            Warning - 1 : Skipping Token layerContents On Line 553
            Warning - 1 : Skipping Token layerContents On Line 556
            Warning - 1 : Skipping Token layerContents On Line 559
            Warning - 1 : Skipping Token layerContents On Line 562
            Warning - 1 : Skipping Token layerContents On Line 565
            Warning - 1 : Skipping Token layerContents On Line 568
            Warning - 1 : Skipping Token layerContents On Line 571
            Warning - 1 : Skipping Token layerContents On Line 574
            Warning - 1 : Skipping Token layerContents On Line 577
            Warning - 1 : Skipping Token layerContents On Line 580
            Warning - 1 : Skipping Token layerContents On Line 583
            Warning - 1 : Skipping Token layerContents On Line 586
            Warning - 1 : Skipping Token layerContents On Line 589
            Warning - 1 : Skipping Token layerContents On Line 592
            Warning - 1 : Skipping Token layerContents On Line 595
            Warning - 1 : Skipping Token layerContents On Line 598
            Warning - 1 : Skipping Token layerContents On Line 601
            Warning - 1 : Skipping Token layerContents On Line 604
            Warning - 1 : Skipping Token layerContents On Line 607
            Warning - 1 : Skipping Token layerContents On Line 610
            Warning - 1 : Skipping Token layerContents On Line 613
            Warning - 1 : Skipping Token layerContents On Line 616
            Warning - 1 : Skipping Token layerContents On Line 619
            Warning - 1 : Skipping Token layerContents On Line 622
            Warning - 1 : Skipping Token layerContents On Line 625
            Warning - 1 : Skipping Token layerContents On Line 628
            Warning - 1 : Skipping Token layerContents On Line 631
            Warning - 1 : Skipping Token layerContents On Line 634
            Warning - 1 : Skipping Token layerContents On Line 637
            Warning - 1 : Skipping Token layerContents On Line 640
            Warning - 1 : Skipping Token layerContents On Line 643
            Warning - 1 : Skipping Token layerContents On Line 646
            Warning - 1 : Skipping Token layerContents On Line 649
            Warning - 1 : Skipping Token layerContents On Line 652
            Warning - 1 : Skipping Token layerContents On Line 655
            Warning - 1 : Skipping Token layerContents On Line 658
            Warning - 1 : Skipping Token layerContents On Line 661
            Warning - 1 : Skipping Token layerContents On Line 664
            Warning - 1 : Skipping Token layerContents On Line 667
            Warning - 1 : Skipping Token layerContents On Line 670
            Warning - 1 : Skipping Token layerContents On Line 673
            Warning - 1 : Skipping Token layerContents On Line 676
            Warning - 1 : Skipping Token layerContents On Line 679
            Warning - 1 : Skipping Token layerContents On Line 682
            Warning - 1 : Skipping Token layerContents On Line 685
            Warning - 1 : Skipping Token layerContents On Line 688
            Warning - 1 : Skipping Token layerContents On Line 691
            Warning - 1 : Skipping Token layerContents On Line 694
            Warning - 1 : Skipping Token layerContents On Line 697
            Warning - 1 : Skipping Token layerContents On Line 700
            Warning - 1 : Skipping Token layerContents On Line 703
            Warning - 1 : Skipping Token layerContents On Line 706
            Warning - 1 : Skipping Token layerContents On Line 709
            Warning - 1 : Skipping Token layerContents On Line 712
            Warning - 1 : Skipping Token layerContents On Line 715
            Warning - 1 : Skipping Token layerContents On Line 718
            Warning - 1 : Skipping Token layerContents On Line 721
            Warning - 1 : Skipping Token layerContents On Line 724
            Warning - 1 : Skipping Token layerContents On Line 727
            Warning - 1 : Skipping Token layerContents On Line 730
            Warning - 1 : Skipping Token layerContents On Line 733
            Warning - 1 : Skipping Token layerContents On Line 736
            Warning - 1 : Skipping Token layerContents On Line 739
            Warning - 1 : Skipping Token layerContents On Line 742
            Warning - 1 : Skipping Token layerContents On Line 745
            Warning - 1 : Skipping Token layerContents On Line 748
            Warning - 1 : Skipping Token layerContents On Line 751
            Warning - 1 : Skipping Token layerContents On Line 754
            Warning - 1 : Skipping Token layerContents On Line 757
            Warning - 1 : Skipping Token layerContents On Line 760
            Warning - 1 : Skipping Token layerContents On Line 763
            Warning - 1 : Skipping Token layerContents On Line 766
            Warning - 1 : Skipping Token layerContents On Line 769
            Warning - 1 : Skipping Token layerContents On Line 772
            Warning - 1 : Skipping Token layerContents On Line 775
            Warning - 1 : Skipping Token layerContents On Line 778
            Warning - 1 : Skipping Token layerContents On Line 781
            Warning - 1 : Skipping Token layerContents On Line 784
            Warning - 1 : Skipping Token layerContents On Line 787
            Warning - 1 : Skipping Token layerContents On Line 790
            Warning - 1 : Skipping Token layerContents On Line 793
            Warning - 1 : Skipping Token layerContents On Line 796
            Warning - 1 : Skipping Token layerContents On Line 799
            Warning - 1 : Skipping Token layerContents On Line 802
            Warning - 1 : Skipping Token layerContents On Line 805
            Warning - 1 : Skipping Token layerContents On Line 808
            Warning - 1 : Skipping Token layerContents On Line 811
            Warning - 1 : Skipping Token layerContents On Line 814
            Warning - 1 : Skipping Token layerContents On Line 817
            Warning - 1 : Skipping Token layerContents On Line 820
            Warning - 1 : Skipping Token layerContents On Line 823
            Warning - 1 : Skipping Token layerContents On Line 826
            Warning - 1 : Skipping Token layerContents On Line 829
            Warning - 1 : Skipping Token layerContents On Line 832
            Warning - 1 : Skipping Token layerContents On Line 835
            Warning - 1 : Skipping Token layerContents On Line 838
            Warning - 1 : Skipping Token layerContents On Line 841
            Warning - 1 : Skipping Token layerContents On Line 844
            Warning - 1 : Skipping Token defaultPinDes On Line 856
            Warning - 1 : Skipping Token defaultPinDes On Line 864
            Warning - 1 : Skipping Token defaultPinDes On Line 872
            Warning - 1 : Skipping Token defaultPinDes On Line 880
            Warning - 1 : Skipping Token defaultPinDes On Line 888
            Warning - 1 : Skipping Token defaultPinDes On Line 896
            Warning - 1 : Skipping Token defaultPinDes On Line 904
            Warning - 1 : Skipping Token defaultPinDes On Line 912
            Warning - 1 : Skipping Token defaultPinDes On Line 920
            Warning - 1 : Skipping Token defaultPinDes On Line 928
            Warning - 1 : Skipping Token defaultPinDes On Line 936
            Warning - 1 : Skipping Token defaultPinDes On Line 944
            Warning - 1 : Skipping Token defaultPinDes On Line 952
            Warning - 1 : Skipping Token defaultPinDes On Line 960
            Warning - 1 : Skipping Token defaultPinDes On Line 968
            Warning - 1 : Skipping Token defaultPinDes On Line 976
            Warning - 1 : Skipping Token defaultPinDes On Line 984
            Warning - 1 : Skipping Token defaultPinDes On Line 992
            Warning - 1 : Skipping Token defaultPinDes On Line 1000
            Warning - 1 : Skipping Token defaultPinDes On Line 1008
            Warning - 1 : Skipping Token defaultPinDes On Line 1016
            Warning - 1 : Skipping Token defaultPinDes On Line 1024
            Warning - 1 : Skipping Token defaultPinDes On Line 1032
            Warning - 1 : Skipping Token defaultPinDes On Line 1040
            Warning - 1 : Skipping Token defaultPinDes On Line 1048
            Warning - 1 : Skipping Token defaultPinDes On Line 1056
            Warning - 1 : Skipping Token defaultPinDes On Line 1064
            Warning - 1 : Skipping Token defaultPinDes On Line 1072
            Warning - 1 : Skipping Token defaultPinDes On Line 1080
            Warning - 1 : Skipping Token defaultPinDes On Line 1088
            Warning - 1 : Skipping Token defaultPinDes On Line 1096
            Warning - 1 : Skipping Token defaultPinDes On Line 1104
            Warning - 1 : Skipping Token defaultPinDes On Line 1112
            Warning - 1 : Skipping Token defaultPinDes On Line 1120
            Warning - 1 : Skipping Token defaultPinDes On Line 1128
            Warning - 1 : Skipping Token defaultPinDes On Line 1136
            Warning - 1 : Skipping Token defaultPinDes On Line 1144
            Warning - 1 : Skipping Token defaultPinDes On Line 1274
            Warning - 1 : Skipping Token defaultPinDes On Line 1282
            Warning - 1 : Skipping Token defaultPinDes On Line 1290
            Warning - 1 : Skipping Token defaultPinDes On Line 1298
            Warning - 1 : Skipping Token defaultPinDes On Line 1306
            Warning - 1 : Skipping Token defaultPinDes On Line 1314
            Warning - 1 : Skipping Token defaultPinDes On Line 1322
            Warning - 1 : Skipping Token defaultPinDes On Line 1330
            Warning - 1 : Skipping Token defaultPinDes On Line 1338
            Warning - 1 : Skipping Token defaultPinDes On Line 1346
            Warning - 1 : Skipping Token defaultPinDes On Line 1354
            Warning - 1 : Skipping Token defaultPinDes On Line 1362
            Warning - 1 : Skipping Token defaultPinDes On Line 1370
            Warning - 1 : Skipping Token defaultPinDes On Line 1378
            Warning - 1 : Skipping Token defaultPinDes On Line 1386
            Warning - 1 : Skipping Token defaultPinDes On Line 1394
            Warning - 1 : Skipping Token defaultPinDes On Line 1402
            Warning - 1 : Skipping Token defaultPinDes On Line 1410
            Warning - 1 : Skipping Token defaultPinDes On Line 1418
            Warning - 1 : Skipping Token defaultPinDes On Line 1426
            Warning - 1 : Skipping Token defaultPinDes On Line 1434
            Warning - 1 : Skipping Token defaultPinDes On Line 1442
            Warning - 1 : Skipping Token defaultPinDes On Line 1450
            Warning - 1 : Skipping Token defaultPinDes On Line 1458
            Warning - 1 : Skipping Token defaultPinDes On Line 1466
            Warning - 1 : Skipping Token defaultPinDes On Line 1474
            Warning - 1 : Skipping Token defaultPinDes On Line 1482
            Warning - 1 : Skipping Token defaultPinDes On Line 1490
            Warning - 1 : Skipping Token defaultPinDes On Line 1498
            Warning - 1 : Skipping Token defaultPinDes On Line 1506
            Warning - 1 : Skipping Token defaultPinDes On Line 1514
            Warning - 1 : Skipping Token defaultPinDes On Line 1522
            Warning - 1 : Skipping Token defaultPinDes On Line 1530
            Warning - 1 : Skipping Token defaultPinDes On Line 1538
            Warning - 1 : Skipping Token defaultPinDes On Line 1546
            Warning - 1 : Skipping Token defaultPinDes On Line 1554
            Warning - 1 : Skipping Token defaultPinDes On Line 1562
            Warning - 1 : Skipping Token defaultPinDes On Line 1692
            Warning - 1 : Skipping Token defaultPinDes On Line 1700
            Warning - 1 : Skipping Token defaultPinDes On Line 1708
            Warning - 1 : Skipping Token defaultPinDes On Line 1716
            Warning - 1 : Skipping Token defaultPinDes On Line 1724
            Warning - 1 : Skipping Token defaultPinDes On Line 1732
            Warning - 1 : Skipping Token defaultPinDes On Line 1740
            Warning - 1 : Skipping Token defaultPinDes On Line 1748
            Warning - 1 : Skipping Token defaultPinDes On Line 1756
            Warning - 1 : Skipping Token defaultPinDes On Line 1764
            Warning - 1 : Skipping Token defaultPinDes On Line 1772
            Warning - 1 : Skipping Token defaultPinDes On Line 1780
            Warning - 1 : Skipping Token defaultPinDes On Line 1788
            Warning - 1 : Skipping Token defaultPinDes On Line 1796
            Warning - 1 : Skipping Token defaultPinDes On Line 1804
            Warning - 1 : Skipping Token defaultPinDes On Line 1812
            Warning - 1 : Skipping Token defaultPinDes On Line 1820
            Warning - 1 : Skipping Token defaultPinDes On Line 1828
            Warning - 1 : Skipping Token defaultPinDes On Line 1836
            Warning - 1 : Skipping Token defaultPinDes On Line 1844
            Warning - 1 : Skipping Token defaultPinDes On Line 1852
            Warning - 1 : Skipping Token defaultPinDes On Line 1860
            Warning - 1 : Skipping Token defaultPinDes On Line 1868
            Warning - 1 : Skipping Token defaultPinDes On Line 1876
            Warning - 1 : Skipping Token defaultPinDes On Line 1884
            Warning - 1 : Skipping Token defaultPinDes On Line 1892
            Warning - 1 : Skipping Token defaultPinDes On Line 1900
            Warning - 1 : Skipping Token defaultPinDes On Line 1908
            Warning - 1 : Skipping Token defaultPinDes On Line 1916
            Warning - 1 : Skipping Token defaultPinDes On Line 1924
            Warning - 1 : Skipping Token defaultPinDes On Line 1932
            Warning - 1 : Skipping Token defaultPinDes On Line 1940
            Warning - 1 : Skipping Token defaultPinDes On Line 1948
            Warning - 1 : Skipping Token defaultPinDes On Line 1956
            Warning - 1 : Skipping Token defaultPinDes On Line 1964
            Warning - 1 : Skipping Token defaultPinDes On Line 1972
            Warning - 1 : Skipping Token defaultPinDes On Line 1980
        EndSection

        Section : Generating SCH Library - AltiumV15.SchLib
        EndSection
    EndSection
EndSection
